#
# A fatal error has been detected by the Java Runtime Environment:
#
#  SIGSEGV (0xb) at pc=0x00007f6f53bb6f05, pid=8566, tid=140116090701568
#
# JRE version: Java(TM) SE Runtime Environment (7.0_76-b13) (build 1.7.0_76-b13)
# Java VM: Java HotSpot(TM) 64-Bit Server VM (24.76-b04 mixed mode linux-amd64 compressed oops)
# Problematic frame:
# V  [libjvm.so+0x5bbf05]  instanceKlass::oop_follow_contents(ParCompactionManager*, oopDesc*)+0x2c5
#
# Failed to write core dump. Core dumps have been disabled. To enable core dumping, try "ulimit -c unlimited" before starting Java again
#
# If you would like to submit a bug report, please visit:
#   http://bugreport.java.com/bugreport/crash.jsp
#

---------------  T H R E A D  ---------------

Current thread (0x00007f6f4c022000):  GCTaskThread [stack: 0x00007f6f51c04000,0x00007f6f51d05000] [id=8569]

siginfo:si_signo=SIGSEGV: si_errno=0, si_code=128 (), si_addr=0x0000000000000000

Registers:
RAX=0x00007f6f46800000, RBX=0x00000000c0017ac8, RCX=0x0000000000000000, RDX=0x007fffffffa90000
RSP=0x00007f6f51d03850, RBP=0x00007f6f51d038b0, RSI=0x0000000000000000, RDI=0x0000000000000000
R8 =0x0000000000000001, R9 =0x0000000000000200, R10=0x0000000000000002, R11=0x00007f6f54446320
R12=0x00007f6f5444a380, R13=0x0000000002000000, R14=0x00007f6f4c022340, R15=0x00007f6f4c0631f0
RIP=0x00007f6f53bb6f05, EFLAGS=0x0000000000010206, CSGSFS=0x0000000000000033, ERR=0x0000000000000000
  TRAPNO=0x000000000000000d

Top of Stack: (sp=0x00007f6f51d03850)
0x00007f6f51d03850:   00000000c0017ab8 00000000b004c348
0x00007f6f51d03860:   00000000b004c358 00000000c0017acc
0x00007f6f51d03870:   00007f6f5440e408 00007f6f4c063230
0x00007f6f51d03880:   00000000c0015fc8 00007f6f4c0631f0
0x00007f6f51d03890:   00007f6f54446320 00007f6f5443c718
0x00007f6f51d038a0:   00007f6f4c022340 00007f6f4c063200
0x00007f6f51d038b0:   00007f6f51d039a0 00007f6f53e7004c
0x00007f6f51d038c0:   00000000000037b9 00007f6f51d03910
0x00007f6f51d038d0:   00007f6f51d03920 00007f6f51d03900
0x00007f6f51d038e0:   00007f6f51d03940 00007f6f51d03950
0x00007f6f51d038f0:   00007f6f4c063230 00007f6f4c0632b0
0x00007f6f51d03900:   00007f6f51d03980 00007f6f54c624a4
0x00007f6f51d03910:   0000000000000000 00007f6f4c023150
0x00007f6f51d03920:   00007f6f4c022000 000000000000002b
0x00007f6f51d03930:   0000000254446320 00007f6f4c023100
0x00007f6f51d03940:   00000000c06b7ae0 00007f6f4c0631f0
0x00007f6f51d03950:   00007f6f51d03980 00007f6f53e7d13e
0x00007f6f51d03960:   00000000b00aa908 00007f6f4c0631f0
0x00007f6f51d03970:   00007f6f51d039a0 00007f6f4c024140
0x00007f6f51d03980:   00007f6f4c0631f0 0000000000000001
0x00007f6f51d03990:   00007f6f4c022340 00007f6f5400fce0
0x00007f6f51d039a0:   00007f6f51d03a30 00007f6f53e57138
0x00007f6f51d039b0:   00007f6f4c01f8b0 00007f6f4c022000
0x00007f6f51d039c0:   0000000000000001 00007f6f4c01f830
0x00007f6f51d039d0:   0000000000000001 00007f6f53e16379
0x00007f6f51d039e0:   00007f6f543fd7f0 00007f6f4c024100
0x00007f6f51d039f0:   0000000000000000 00007f6f4c0631f0
0x00007f6f51d03a00:   00007f6f51d03a30 00007f6f4c024140
0x00007f6f51d03a10:   00007f6f4c022000 0000000000000001
0x00007f6f51d03a20:   00007f6f4c022340 00007f6f5400fce0
0x00007f6f51d03a30:   00007f6f51d03b40 00007f6f53b5313f
0x00007f6f51d03a40:   0000000000000000 00007f6f51d03a80 

Instructions: (pc=0x00007f6f53bb6f05)
0x00007f6f53bb6ee5:   89 c1 49 8b 44 24 30 49 d3 e8 4c 89 c2 44 89 c1
0x00007f6f53bb6ef5:   41 b8 01 00 00 00 83 e1 3f 48 c1 ea 06 49 d3 e0
0x00007f6f53bb6f05:   4c 85 04 d0 75 8d 48 8b 05 06 00 85 00 80 38 00
0x00007f6f53bb6f15:   0f 85 05 02 00 00 49 8b 45 08 48 8d 70 10 4c 89 

Register to memory mapping:

RAX=0x00007f6f46800000 is pointing into the stack for thread: 0x00007f6f4c08f000
RBX=0x00000000c0017ac8 is pointing into object: 0x00000000c0017ab8
java.lang.reflect.Method 
 - klass: 'java/lang/reflect/Method'
RCX=0x0000000000000000 is an unknown value
RDX=0x007fffffffa90000 is an unknown value
RSP=0x00007f6f51d03850 is an unknown value
RBP=0x00007f6f51d038b0 is an unknown value
RSI=0x0000000000000000 is an unknown value
RDI=0x0000000000000000 is an unknown value
R8 =0x0000000000000001 is an unknown value
R9 =0x0000000000000200 is an unknown value
R10=0x0000000000000002 is an unknown value
R11=0x00007f6f54446320: <offset 0xe4b320> in /usr/lib/jvm/java-7-oracle/jre/lib/amd64/server/libjvm.so at 0x00007f6f535fb000
R12=0x00007f6f5444a380: <offset 0xe4f380> in /usr/lib/jvm/java-7-oracle/jre/lib/amd64/server/libjvm.so at 0x00007f6f535fb000
R13=0x0000000002000000 is an unknown value
R14=0x00007f6f4c022340 is an unknown value
R15=0x00007f6f4c0631f0 is an unknown value


Stack: [0x00007f6f51c04000,0x00007f6f51d05000],  sp=0x00007f6f51d03850,  free space=1022k
Native frames: (J=compiled Java code, j=interpreted, Vv=VM code, C=native code)
V  [libjvm.so+0x5bbf05]  instanceKlass::oop_follow_contents(ParCompactionManager*, oopDesc*)+0x2c5
V  [libjvm.so+0x87504c]  ParCompactionManager::follow_marking_stacks()+0x1ec
V  [libjvm.so+0x85c138]  MarkFromRootsTask::do_it(GCTaskManager*, unsigned int)+0x78
V  [libjvm.so+0x55813f]  GCTaskThread::run()+0x12f
V  [libjvm.so+0x821ca8]  java_start(Thread*)+0x108


---------------  P R O C E S S  ---------------

Java Threads: ( => current thread )
  0x0000000000968000 JavaThread "Stdin handler" [_thread_blocked, id=8623, stack(0x00007f6f44f88000,0x00007f6f45089000)]
  0x00007f6f10003800 JavaThread "Cancel handler" [_thread_blocked, id=8622, stack(0x00007f6f4518a000,0x00007f6f4528b000)]
  0x00007f6f10006000 JavaThread "Handler for socket connection from /127.0.0.1:54702 to /127.0.0.1:33322" [_thread_in_native, id=8621, stack(0x00007f6f4528b000,0x00007f6f4538c000)]
  0x0000000000b86000 JavaThread "File lock request listener" [_thread_in_native, id=8591, stack(0x00007f6f44e1c000,0x00007f6f44f1d000)]
  0x00007f6f10008000 JavaThread "Daemon worker" [_thread_blocked, id=8583, stack(0x00007f6f45089000,0x00007f6f4518a000)]
  0x00007f6f1c004800 JavaThread "Daemon" [_thread_blocked, id=8580, stack(0x00007f6f4538c000,0x00007f6f4548d000)]
  0x00007f6f4c618800 JavaThread "Incoming local TCP Connector on port 54702" [_thread_in_native, id=8579, stack(0x00007f6f4548d000,0x00007f6f4558e000)]
  0x00007f6f4c094800 JavaThread "Service Thread" daemon [_thread_blocked, id=8576, stack(0x00007f6f464fd000,0x00007f6f465fe000)]
  0x00007f6f4c092000 JavaThread "C2 CompilerThread1" daemon [_thread_blocked, id=8575, stack(0x00007f6f465fe000,0x00007f6f466ff000)]
  0x00007f6f4c08f000 JavaThread "C2 CompilerThread0" daemon [_thread_blocked, id=8574, stack(0x00007f6f466ff000,0x00007f6f46800000)]
  0x00007f6f4c08d000 JavaThread "Signal Dispatcher" daemon [_thread_blocked, id=8573, stack(0x00007f6f500bf000,0x00007f6f501c0000)]
  0x00007f6f4c06c000 JavaThread "Finalizer" daemon [_thread_blocked, id=8572, stack(0x00007f6f50a12000,0x00007f6f50b13000)]
  0x00007f6f4c06a000 JavaThread "Reference Handler" daemon [_thread_blocked, id=8571, stack(0x00007f6f50b13000,0x00007f6f50c14000)]
  0x00007f6f4c00a000 JavaThread "main" [_thread_blocked, id=8567, stack(0x00007f6f54f79000,0x00007f6f5507a000)]

Other Threads:
  0x00007f6f4c065800 VMThread [stack: 0x00007f6f50c14000,0x00007f6f50d15000] [id=8570]
  0x00007f6f4c09f000 WatcherThread [stack: 0x00007f6f463fc000,0x00007f6f464fd000] [id=8578]

=>0x00007f6f4c022000 (exited) GCTaskThread [stack: 0x00007f6f51c04000,0x00007f6f51d05000] [id=8569]

VM state:at safepoint (normal execution)

VM Mutex/Monitor currently owned by a thread:  ([mutex/lock_event])
[0x00007f6f4c0067b0] Threads_lock - owner thread: 0x00007f6f4c065800
[0x00007f6f4c006cb0] Heap_lock - owner thread: 0x00007f6f10008000

Heap
 PSYoungGen      total 281088K, used 263168K [0x00000000eaa80000, 0x00000000fd080000, 0x0000000100000000)
  eden space 263168K, 100% used [0x00000000eaa80000,0x00000000fab80000,0x00000000fab80000)
  from space 17920K, 0% used [0x00000000fbf00000,0x00000000fbf00000,0x00000000fd080000)
  to   space 18944K, 0% used [0x00000000fab80000,0x00000000fab80000,0x00000000fbe00000)
 ParOldGen       total 53760K, used 41735K [0x00000000c0000000, 0x00000000c3480000, 0x00000000eaa80000)
  object space 53760K, 77% used [0x00000000c0000000,0x00000000c28c1d00,0x00000000c3480000)
 PSPermGen       total 81920K, used 50420K [0x00000000b0000000, 0x00000000b5000000, 0x00000000c0000000)
  object space 81920K, 61% used [0x00000000b0000000,0x00000000b313d2a8,0x00000000b5000000)

Card table byte_map: [0x00007f6f51fdc000,0x00007f6f5225d000] byte_map_base: 0x00007f6f51a5c000

Polling page: 0x00007f6f55093000

Code Cache  [0x00007f6f49000000, 0x00007f6f494b0000, 0x00007f6f4c000000)
 total_blobs=1586 nmethods=982 adapters=557 free_code_cache=44466Kb largest_free_block=45467648

Compilation events (10 events):
Event: 87,803 Thread 0x00007f6f4c08f000 1067             org.gradle.util.CollectionUtils::join (95 bytes)
Event: 87,914 Thread 0x00007f6f4c08f000 nmethod 1067 0x00007f6f4949dc10 code [0x00007f6f4949de20, 0x00007f6f4949ec78]
Event: 88,361 Thread 0x00007f6f4c092000 1068             java.util.ArrayList$SubList$1::hasNext (20 bytes)
Event: 88,362 Thread 0x00007f6f4c092000 nmethod 1068 0x00007f6f49497d50 code [0x00007f6f49497e80, 0x00007f6f49497ef8]
Event: 88,550 Thread 0x00007f6f4c092000 1069             java.lang.StringCoding::deref (19 bytes)
Event: 88,553 Thread 0x00007f6f4c092000 nmethod 1069 0x00007f6f4949bd90 code [0x00007f6f4949bf00, 0x00007f6f4949c0b8]
Event: 88,645 Thread 0x00007f6f4c092000 1070             java.math.BigInteger::stripLeadingZeroBytes (132 bytes)
Event: 88,653 Thread 0x00007f6f4c092000 nmethod 1070 0x00007f6f4949b650 code [0x00007f6f4949b7a0, 0x00007f6f4949bb78]
Event: 88,709 Thread 0x00007f6f4c08f000 1071  s          java.io.BufferedInputStream::read (49 bytes)
Event: 88,742 Thread 0x00007f6f4c08f000 nmethod 1071 0x00007f6f494962d0 code [0x00007f6f49496440, 0x00007f6f49496c48]

GC Heap History (10 events):
Event: 23,311 GC heap after
Heap after GC invocations=13 (full 0):
 PSYoungGen      total 112640K, used 3473K [0x00000000eaa80000, 0x00000000f5e00000, 0x0000000100000000)
  eden space 104448K, 0% used [0x00000000eaa80000,0x00000000eaa80000,0x00000000f1080000)
  from space 8192K, 42% used [0x00000000f1080000,0x00000000f13e46a0,0x00000000f1880000)
  to   space 8192K, 0% used [0x00000000f5600000,0x00000000f5600000,0x00000000f5e00000)
 ParOldGen       total 53760K, used 16819K [0x00000000c0000000, 0x00000000c3480000, 0x00000000eaa80000)
  object space 53760K, 31% used [0x00000000c0000000,0x00000000c106ce98,0x00000000c3480000)
 PSPermGen       total 23552K, used 23134K [0x00000000b0000000, 0x00000000b1700000, 0x00000000c0000000)
  object space 23552K, 98% used [0x00000000b0000000,0x00000000b1697b28,0x00000000b1700000)
}
Event: 32,454 GC heap before
{Heap before GC invocations=14 (full 0):
 PSYoungGen      total 112640K, used 107921K [0x00000000eaa80000, 0x00000000f5e00000, 0x0000000100000000)
  eden space 104448K, 100% used [0x00000000eaa80000,0x00000000f1080000,0x00000000f1080000)
  from space 8192K, 42% used [0x00000000f1080000,0x00000000f13e46a0,0x00000000f1880000)
  to   space 8192K, 0% used [0x00000000f5600000,0x00000000f5600000,0x00000000f5e00000)
 ParOldGen       total 53760K, used 16819K [0x00000000c0000000, 0x00000000c3480000, 0x00000000eaa80000)
  object space 53760K, 31% used [0x00000000c0000000,0x00000000c106ce98,0x00000000c3480000)
 PSPermGen       total 28672K, used 28638K [0x00000000b0000000, 0x00000000b1c00000, 0x00000000c0000000)
  object space 28672K, 99% used [0x00000000b0000000,0x00000000b1bf7bc8,0x00000000b1c00000)
Event: 32,554 GC heap after
Heap after GC invocations=14 (full 0):
 PSYoungGen      total 172544K, used 8169K [0x00000000eaa80000, 0x00000000f6400000, 0x0000000100000000)
  eden space 164352K, 0% used [0x00000000eaa80000,0x00000000eaa80000,0x00000000f4b00000)
  from space 8192K, 99% used [0x00000000f5600000,0x00000000f5dfa5a0,0x00000000f5e00000)
  to   space 11264K, 0% used [0x00000000f4b00000,0x00000000f4b00000,0x00000000f5600000)
 ParOldGen       total 53760K, used 21960K [0x00000000c0000000, 0x00000000c3480000, 0x00000000eaa80000)
  object space 53760K, 40% used [0x00000000c0000000,0x00000000c1572030,0x00000000c3480000)
 PSPermGen       total 28672K, used 28638K [0x00000000b0000000, 0x00000000b1c00000, 0x00000000c0000000)
  object space 28672K, 99% used [0x00000000b0000000,0x00000000b1bf7bc8,0x00000000b1c00000)
}
Event: 52,395 GC heap before
{Heap before GC invocations=15 (full 0):
 PSYoungGen      total 172544K, used 172521K [0x00000000eaa80000, 0x00000000f6400000, 0x0000000100000000)
  eden space 164352K, 100% used [0x00000000eaa80000,0x00000000f4b00000,0x00000000f4b00000)
  from space 8192K, 99% used [0x00000000f5600000,0x00000000f5dfa5a0,0x00000000f5e00000)
  to   space 11264K, 0% used [0x00000000f4b00000,0x00000000f4b00000,0x00000000f5600000)
 ParOldGen       total 53760K, used 21960K [0x00000000c0000000, 0x00000000c3480000, 0x00000000eaa80000)
  object space 53760K, 40% used [0x00000000c0000000,0x00000000c1572030,0x00000000c3480000)
 PSPermGen       total 38912K, used 38491K [0x00000000b0000000, 0x00000000b2600000, 0x00000000c0000000)
  object space 38912K, 98% used [0x00000000b0000000,0x00000000b2596d88,0x00000000b2600000)
Event: 52,614 GC heap after
Heap after GC invocations=15 (full 0):
 PSYoungGen      total 175616K, used 11260K [0x00000000eaa80000, 0x00000000fd280000, 0x0000000100000000)
  eden space 164352K, 0% used [0x00000000eaa80000,0x00000000eaa80000,0x00000000f4b00000)
  from space 11264K, 99% used [0x00000000f4b00000,0x00000000f55ff210,0x00000000f5600000)
  to   space 19968K, 0% used [0x00000000fbf00000,0x00000000fbf00000,0x00000000fd280000)
 ParOldGen       total 53760K, used 40621K [0x00000000c0000000, 0x00000000c3480000, 0x00000000eaa80000)
  object space 53760K, 75% used [0x00000000c0000000,0x00000000c27ab4b8,0x00000000c3480000)
 PSPermGen       total 38912K, used 38491K [0x00000000b0000000, 0x00000000b2600000, 0x00000000c0000000)
  object space 38912K, 98% used [0x00000000b0000000,0x00000000b2596d88,0x00000000b2600000)
}
Event: 61,393 GC heap before
{Heap before GC invocations=16 (full 0):
 PSYoungGen      total 175616K, used 82057K [0x00000000eaa80000, 0x00000000fd280000, 0x0000000100000000)
  eden space 164352K, 43% used [0x00000000eaa80000,0x00000000eefa33f8,0x00000000f4b00000)
  from space 11264K, 99% used [0x00000000f4b00000,0x00000000f55ff210,0x00000000f5600000)
  to   space 19968K, 0% used [0x00000000fbf00000,0x00000000fbf00000,0x00000000fd280000)
 ParOldGen       total 53760K, used 40621K [0x00000000c0000000, 0x00000000c3480000, 0x00000000eaa80000)
  object space 53760K, 75% used [0x00000000c0000000,0x00000000c27ab4b8,0x00000000c3480000)
 PSPermGen       total 40960K, used 40895K [0x00000000b0000000, 0x00000000b2800000, 0x00000000c0000000)
  object space 40960K, 99% used [0x00000000b0000000,0x00000000b27eff58,0x00000000b2800000)
Event: 61,554 GC heap after
Heap after GC invocations=16 (full 0):
 PSYoungGen      total 281088K, used 7667K [0x00000000eaa80000, 0x00000000fd080000, 0x0000000100000000)
  eden space 263168K, 0% used [0x00000000eaa80000,0x00000000eaa80000,0x00000000fab80000)
  from space 17920K, 42% used [0x00000000fbf00000,0x00000000fc67cfe0,0x00000000fd080000)
  to   space 18944K, 0% used [0x00000000fab80000,0x00000000fab80000,0x00000000fbe00000)
 ParOldGen       total 53760K, used 51574K [0x00000000c0000000, 0x00000000c3480000, 0x00000000eaa80000)
  object space 53760K, 95% used [0x00000000c0000000,0x00000000c325db60,0x00000000c3480000)
 PSPermGen       total 40960K, used 40895K [0x00000000b0000000, 0x00000000b2800000, 0x00000000c0000000)
  object space 40960K, 99% used [0x00000000b0000000,0x00000000b27eff58,0x00000000b2800000)
}
Event: 61,554 GC heap before
{Heap before GC invocations=17 (full 1):
 PSYoungGen      total 281088K, used 7667K [0x00000000eaa80000, 0x00000000fd080000, 0x0000000100000000)
  eden space 263168K, 0% used [0x00000000eaa80000,0x00000000eaa80000,0x00000000fab80000)
  from space 17920K, 42% used [0x00000000fbf00000,0x00000000fc67cfe0,0x00000000fd080000)
  to   space 18944K, 0% used [0x00000000fab80000,0x00000000fab80000,0x00000000fbe00000)
 ParOldGen       total 53760K, used 51574K [0x00000000c0000000, 0x00000000c3480000, 0x00000000eaa80000)
  object space 53760K, 95% used [0x00000000c0000000,0x00000000c325db60,0x00000000c3480000)
 PSPermGen       total 40960K, used 40895K [0x00000000b0000000, 0x00000000b2800000, 0x00000000c0000000)
  object space 40960K, 99% used [0x00000000b0000000,0x00000000b27eff58,0x00000000b2800000)
Event: 63,447 GC heap after
Heap after GC invocations=17 (full 1):
 PSYoungGen      total 281088K, used 0K [0x00000000eaa80000, 0x00000000fd080000, 0x0000000100000000)
  eden space 263168K, 0% used [0x00000000eaa80000,0x00000000eaa80000,0x00000000fab80000)
  from space 17920K, 0% used [0x00000000fbf00000,0x00000000fbf00000,0x00000000fd080000)
  to   space 18944K, 0% used [0x00000000fab80000,0x00000000fab80000,0x00000000fbe00000)
 ParOldGen       total 53760K, used 41735K [0x00000000c0000000, 0x00000000c3480000, 0x00000000eaa80000)
  object space 53760K, 77% used [0x00000000c0000000,0x00000000c28c1d00,0x00000000c3480000)
 PSPermGen       total 81920K, used 40800K [0x00000000b0000000, 0x00000000b5000000, 0x00000000c0000000)
  object space 81920K, 49% used [0x00000000b0000000,0x00000000b27d83c8,0x00000000b5000000)
}
Event: 88,851 GC heap before
{Heap before GC invocations=18 (full 2):
 PSYoungGen      total 281088K, used 263168K [0x00000000eaa80000, 0x00000000fd080000, 0x0000000100000000)
  eden space 263168K, 100% used [0x00000000eaa80000,0x00000000fab80000,0x00000000fab80000)
  from space 17920K, 0% used [0x00000000fbf00000,0x00000000fbf00000,0x00000000fd080000)
  to   space 18944K, 0% used [0x00000000fab80000,0x00000000fab80000,0x00000000fbe00000)
 ParOldGen       total 53760K, used 41735K [0x00000000c0000000, 0x00000000c3480000, 0x00000000eaa80000)
  object space 53760K, 77% used [0x00000000c0000000,0x00000000c28c1d00,0x00000000c3480000)
 PSPermGen       total 81920K, used 50420K [0x00000000b0000000, 0x00000000b5000000, 0x00000000c0000000)
  object space 81920K, 61% used [0x00000000b0000000,0x00000000b313d2a8,0x00000000b5000000)

Deoptimization events (10 events):
Event: 88,063 Thread 0x00007f6f10008000 Uncommon trap: reason=unreached action=reinterpret pc=0x00007f6f492959c0 method=com.sun.org.apache.xerces.internal.utils.XMLLimitAnalyzer.isTracking(Ljava/lang/String;)Z @ 4
Event: 88,063 Thread 0x00007f6f10008000 Uncommon trap: reason=class_check action=maybe_recompile pc=0x00007f6f492b4a20 method=com.sun.org.apache.xerces.internal.impl.XMLDocumentFragmentScannerImpl$FragmentContentDriver.next()I @ 435
Event: 88,063 Thread 0x00007f6f10008000 Uncommon trap: reason=unreached action=reinterpret pc=0x00007f6f492848c8 method=com.sun.org.apache.xerces.internal.utils.XMLLimitAnalyzer.isTracking(Ljava/lang/String;)Z @ 4
Event: 88,063 Thread 0x00007f6f10008000 Uncommon trap: reason=class_check action=maybe_recompile pc=0x00007f6f492b4a20 method=com.sun.org.apache.xerces.internal.impl.XMLDocumentFragmentScannerImpl$FragmentContentDriver.next()I @ 435
Event: 88,064 Thread 0x00007f6f10008000 Uncommon trap: reason=class_check action=maybe_recompile pc=0x00007f6f492b4a20 method=com.sun.org.apache.xerces.internal.impl.XMLDocumentFragmentScannerImpl$FragmentContentDriver.next()I @ 435
Event: 88,064 Thread 0x00007f6f10008000 Uncommon trap: reason=class_check action=maybe_recompile pc=0x00007f6f492c971c method=com.sun.org.apache.xerces.internal.impl.XMLDocumentFragmentScannerImpl.scanEndElement()I @ 140
Event: 88,064 Thread 0x00007f6f10008000 Uncommon trap: reason=class_check action=maybe_recompile pc=0x00007f6f492c971c method=com.sun.org.apache.xerces.internal.impl.XMLDocumentFragmentScannerImpl.scanEndElement()I @ 140
Event: 88,064 Thread 0x00007f6f10008000 Uncommon trap: reason=class_check action=maybe_recompile pc=0x00007f6f492c971c method=com.sun.org.apache.xerces.internal.impl.XMLDocumentFragmentScannerImpl.scanEndElement()I @ 140
Event: 88,064 Thread 0x00007f6f10008000 Uncommon trap: reason=class_check action=maybe_recompile pc=0x00007f6f492c971c method=com.sun.org.apache.xerces.internal.impl.XMLDocumentFragmentScannerImpl.scanEndElement()I @ 140
Event: 88,263 Thread 0x00007f6f10008000 Uncommon trap: reason=unloaded action=reinterpret pc=0x00007f6f492118f4 method=com.sun.org.apache.xerces.internal.dom.DeferredDocumentImpl.getNodeObject(I)Lcom/sun/org/apache/xerces/internal/dom/DeferredNode; @ 255

Internal exceptions (10 events):
Event: 88,028 Thread 0x00007f6f10008000 Threw 0x00000000fa394350 at /HUDSON/workspace/7u-2-build-linux-amd64/jdk7u76/1941/hotspot/src/share/vm/prims/jvm.cpp:1304
Event: 88,028 Thread 0x00007f6f10008000 Threw 0x00000000fa399ce8 at /HUDSON/workspace/7u-2-build-linux-amd64/jdk7u76/1941/hotspot/src/share/vm/prims/jvm.cpp:1304
Event: 88,029 Thread 0x00007f6f10008000 Threw 0x00000000fa39f1a0 at /HUDSON/workspace/7u-2-build-linux-amd64/jdk7u76/1941/hotspot/src/share/vm/prims/jvm.cpp:1304
Event: 88,046 Thread 0x00007f6f10008000 Threw 0x00000000fa3a6738 at /HUDSON/workspace/7u-2-build-linux-amd64/jdk7u76/1941/hotspot/src/share/vm/prims/jvm.cpp:1304
Event: 88,063 Thread 0x00007f6f10008000 Implicit null exception at 0x00007f6f492953d4 to 0x00007f6f4929599d
Event: 88,063 Thread 0x00007f6f10008000 Implicit null exception at 0x00007f6f49284820 to 0x00007f6f492848af
Event: 88,282 Thread 0x00007f6f10008000 Threw 0x00000000fa416f48 at /HUDSON/workspace/7u-2-build-linux-amd64/jdk7u76/1941/hotspot/src/share/vm/prims/jvm.cpp:1304
Event: 88,283 Thread 0x00007f6f10008000 Threw 0x00000000fa41d568 at /HUDSON/workspace/7u-2-build-linux-amd64/jdk7u76/1941/hotspot/src/share/vm/prims/jvm.cpp:1304
Event: 88,421 Thread 0x00007f6f10008000 Threw 0x00000000fa4f29d8 at /HUDSON/workspace/7u-2-build-linux-amd64/jdk7u76/1941/hotspot/src/share/vm/prims/jvm.cpp:1304
Event: 88,421 Thread 0x00007f6f10008000 Threw 0x00000000fa4f35e8 at /HUDSON/workspace/7u-2-build-linux-amd64/jdk7u76/1941/hotspot/src/share/vm/prims/jvm.cpp:1304

Events (10 events):
Event: 88,282 loading class 0x00007f6f2044db90
Event: 88,282 loading class 0x00007f6f2044db90 done
Event: 88,282 loading class 0x00007f6f2044e0c0 done
Event: 88,282 loading class 0x00007f6f4c5d2170
Event: 88,282 loading class 0x00007f6f4c5d2170 done
Event: 88,283 loading class 0x000000000125e000
Event: 88,283 loading class 0x000000000125e000 done
Event: 88,421 loading class 0x0000000000b6ee70
Event: 88,421 loading class 0x0000000000b6ee70 done
Event: 88,851 Executing VM operation: ParallelGCFailedAllocation


Dynamic libraries:
00400000-00401000 r-xp 00000000 08:01 1196315                            /usr/lib/jvm/java-7-oracle/bin/java
00600000-00601000 rw-p 00000000 08:01 1196315                            /usr/lib/jvm/java-7-oracle/bin/java
00950000-01629000 rw-p 00000000 00:00 0                                  [heap]
b0000000-b5000000 rw-p 00000000 00:00 0 
b5000000-c0000000 rw-p 00000000 00:00 0 
c0000000-c3480000 rw-p 00000000 00:00 0 
c3480000-eaa80000 rw-p 00000000 00:00 0 
eaa80000-fd080000 rw-p 00000000 00:00 0 
fd080000-fd280000 ---p 00000000 00:00 0 
fd280000-100000000 rw-p 00000000 00:00 0 
7f6f08000000-7f6f08021000 rw-p 00000000 00:00 0 
7f6f08021000-7f6f0c000000 ---p 00000000 00:00 0 
7f6f10000000-7f6f10021000 rw-p 00000000 00:00 0 
7f6f10021000-7f6f14000000 ---p 00000000 00:00 0 
7f6f14000000-7f6f1402c000 rw-p 00000000 00:00 0 
7f6f1402c000-7f6f18000000 ---p 00000000 00:00 0 
7f6f18000000-7f6f18021000 rw-p 00000000 00:00 0 
7f6f18021000-7f6f1c000000 ---p 00000000 00:00 0 
7f6f1c000000-7f6f1c02e000 rw-p 00000000 00:00 0 
7f6f1c02e000-7f6f20000000 ---p 00000000 00:00 0 
7f6f20000000-7f6f218a1000 rw-p 00000000 00:00 0 
7f6f218a1000-7f6f24000000 ---p 00000000 00:00 0 
7f6f24000000-7f6f24021000 rw-p 00000000 00:00 0 
7f6f24021000-7f6f28000000 ---p 00000000 00:00 0 
7f6f28000000-7f6f28021000 rw-p 00000000 00:00 0 
7f6f28021000-7f6f2c000000 ---p 00000000 00:00 0 
7f6f2c000000-7f6f2d78f000 rw-p 00000000 00:00 0 
7f6f2d78f000-7f6f30000000 ---p 00000000 00:00 0 
7f6f30000000-7f6f30021000 rw-p 00000000 00:00 0 
7f6f30021000-7f6f34000000 ---p 00000000 00:00 0 
7f6f34000000-7f6f34021000 rw-p 00000000 00:00 0 
7f6f34021000-7f6f38000000 ---p 00000000 00:00 0 
7f6f38000000-7f6f38299000 rw-p 00000000 00:00 0 
7f6f38299000-7f6f3c000000 ---p 00000000 00:00 0 
7f6f3c000000-7f6f3c021000 rw-p 00000000 00:00 0 
7f6f3c021000-7f6f40000000 ---p 00000000 00:00 0 
7f6f40000000-7f6f40028000 rw-p 00000000 00:00 0 
7f6f40028000-7f6f44000000 ---p 00000000 00:00 0 
7f6f44beb000-7f6f44bec000 rw-p 00000000 00:00 0 
7f6f44bec000-7f6f44bee000 r--s 0000d000 08:01 921927                     /home/user/Programme/android-studio/gradle/m2repository/commons-codec/commons-codec/1.4/commons-codec-1.4.jar
7f6f44bee000-7f6f44bf0000 r--s 0000d000 08:01 921046                     /home/user/Programme/android-studio/gradle/m2repository/commons-logging/commons-logging/1.1.1/commons-logging-1.1.1.jar
7f6f44bf0000-7f6f44bf5000 r--s 00028000 08:01 921085                     /home/user/Programme/android-studio/gradle/m2repository/org/apache/httpcomponents/httpcore/4.1/httpcore-4.1.jar
7f6f44bf5000-7f6f44bfd000 r--s 000a8000 08:01 918019                     /home/user/Programme/android-studio/gradle/m2repository/com/android/tools/external/lombok/lombok-ast/0.2.3/lombok-ast-0.2.3.jar
7f6f44bfd000-7f6f44c28000 r--s 001f9000 08:01 921811                     /home/user/Programme/android-studio/gradle/m2repository/com/google/guava/guava/17.0/guava-17.0.jar
7f6f44c28000-7f6f44c2f000 r--s 00053000 08:01 921105                     /home/user/Programme/android-studio/gradle/m2repository/org/apache/commons/commons-compress/1.8.1/commons-compress-1.8.1.jar
7f6f44c2f000-7f6f44c32000 r--s 00012000 08:01 918029                     /home/user/Programme/android-studio/gradle/m2repository/com/android/tools/layoutlib/layoutlib-api/24.1.0/layoutlib-api-24.1.0.jar
7f6f44c32000-7f6f44c34000 r--s 00005000 08:01 921078                     /home/user/Programme/android-studio/gradle/m2repository/org/apache/httpcomponents/httpmime/4.1/httpmime-4.1.jar
7f6f44c34000-7f6f44c3c000 r--s 0004e000 08:01 921094                     /home/user/Programme/android-studio/gradle/m2repository/org/apache/httpcomponents/httpclient/4.1.1/httpclient-4.1.1.jar
7f6f44c3c000-7f6f44c3d000 r--s 00005000 08:01 918037                     /home/user/Programme/android-studio/gradle/m2repository/com/android/tools/dvlib/24.1.0/dvlib-24.1.0.jar
7f6f44c3d000-7f6f44c3e000 r--s 0000a000 08:01 921923                     /home/user/Programme/android-studio/gradle/m2repository/net/sf/kxml/kxml2/2.3.0/kxml2-2.3.0.jar
7f6f44c3e000-7f6f44c3f000 r--s 00001000 08:01 918026                     /home/user/Programme/android-studio/gradle/m2repository/com/android/tools/annotations/24.1.0/annotations-24.1.0.jar
7f6f44c3f000-7f6f44c44000 r--s 0002a000 08:01 918003                     /home/user/Programme/android-studio/gradle/m2repository/com/google/code/gson/gson/2.2.4/gson-2.2.4.jar
7f6f44c44000-7f6f44c47000 r--s 0002b000 08:01 918014                     /home/user/Programme/android-studio/gradle/m2repository/com/android/tools/lint/lint-api/24.1.0/lint-api-24.1.0.jar
7f6f44c47000-7f6f44c48000 r--s 00004000 08:01 917980                     /home/user/Programme/android-studio/gradle/m2repository/org/ow2/asm/asm-analysis/5.0.3/asm-analysis-5.0.3.jar
7f6f44c48000-7f6f44c56000 r--s 00081000 08:01 921126                     /home/user/Programme/android-studio/gradle/m2repository/org/bouncycastle/bcpkix-jdk15on/1.48/bcpkix-jdk15on-1.48.jar
7f6f44c56000-7f6f44c57000 r--s 0000c000 08:01 917986                     /home/user/Programme/android-studio/gradle/m2repository/org/ow2/asm/asm/5.0.3/asm-5.0.3.jar
7f6f44c57000-7f6f44c59000 r--s 00012000 08:01 918041                     /home/user/Programme/android-studio/gradle/m2repository/com/android/tools/common/24.1.0/common-24.1.0.jar
7f6f44c59000-7f6f44c62000 r--s 000a9000 08:01 918076                     /home/user/Programme/android-studio/gradle/m2repository/com/android/tools/sdklib/24.1.0/sdklib-24.1.0.jar
7f6f44c62000-7f6f44c64000 r--s 00002000 08:01 921801                     /home/user/Programme/android-studio/gradle/m2repository/com/squareup/javawriter/2.5.0/javawriter-2.5.0.jar
7f6f44c64000-7f6f44c69000 r--s 00042000 08:01 918045                     /home/user/Programme/android-studio/gradle/m2repository/com/android/tools/ddms/ddmlib/24.1.0/ddmlib-24.1.0.jar
7f6f44c69000-7f6f44c6b000 r--s 00006000 08:01 917992                     /home/user/Programme/android-studio/gradle/m2repository/org/ow2/asm/asm-tree/5.0.3/asm-tree-5.0.3.jar
7f6f44c6b000-7f6f44c6c000 r--s 00002000 08:01 918058                     /home/user/Programme/android-studio/gradle/m2repository/com/android/tools/build/builder-test-api/1.1.0/builder-test-api-1.1.0.jar
7f6f44c6c000-7f6f44c9f000 r--s 00203000 08:01 921133                     /home/user/Programme/android-studio/gradle/m2repository/org/bouncycastle/bcprov-jdk15on/1.48/bcprov-jdk15on-1.48.jar
7f6f44c9f000-7f6f44ca3000 r--s 00029000 08:01 918072                     /home/user/Programme/android-studio/gradle/m2repository/com/android/tools/build/manifest-merger/24.1.0/manifest-merger-24.1.0.jar
7f6f44ca3000-7f6f44ca5000 r--s 00004000 08:01 918055                     /home/user/Programme/android-studio/gradle/m2repository/com/android/tools/build/builder-model/1.1.0/builder-model-1.1.0.jar
7f6f44ca5000-7f6f44cac000 r--s 0005e000 08:01 918033                     /home/user/Programme/android-studio/gradle/m2repository/com/android/tools/sdk-common/24.1.0/sdk-common-24.1.0.jar
7f6f44cac000-7f6f44cbc000 r--s 000d3000 08:01 921905                     /home/user/Programme/android-studio/gradle/m2repository/net/sf/proguard/proguard-base/5.1/proguard-base-5.1.jar
7f6f44cbc000-7f6f44cc1000 r--s 00091000 08:01 918009                     /home/user/Programme/android-studio/gradle/m2repository/com/android/tools/lint/lint-checks/24.1.0/lint-checks-24.1.0.jar
7f6f44cc1000-7f6f44cd3000 r--s 00220000 08:01 917975                     /home/user/Programme/android-studio/gradle/m2repository/org/eclipse/jdt/core/compiler/ecj/4.4/ecj-4.4.jar
7f6f44cd3000-7f6f44cd8000 r--s 00034000 08:01 918050                     /home/user/Programme/android-studio/gradle/m2repository/com/android/tools/build/builder/1.1.0/builder-1.1.0.jar
7f6f44cd8000-7f6f44cd9000 r--s 00002000 08:01 921910                     /home/user/Programme/android-studio/gradle/m2repository/net/sf/proguard/proguard-gradle/5.1/proguard-gradle-5.1.jar
7f6f44cd9000-7f6f44cdb000 r--s 0001a000 08:01 918005                     /home/user/Programme/android-studio/gradle/m2repository/com/android/tools/lint/lint/24.1.0/lint-24.1.0.jar
7f6f44cdb000-7f6f44cec000 r--s 00140000 08:01 918066                     /home/user/Programme/android-studio/gradle/m2repository/com/android/tools/build/gradle-core/1.1.0/gradle-core-1.1.0.jar
7f6f44cec000-7f6f44ced000 r--s 00009000 08:01 918063                     /home/user/Programme/android-studio/gradle/m2repository/com/android/tools/build/gradle/1.1.0/gradle-1.1.0.jar
7f6f44ced000-7f6f44cf7000 r--s 00251000 08:01 1196141                    /usr/lib/jvm/java-7-oracle/jre/lib/resources.jar
7f6f44cf7000-7f6f44cf9000 r--s 0001b000 08:01 918182                     /home/user/Programme/android-studio/plugins/gradle/lib/gradle-tooling-extension-impl.jar
7f6f44cf9000-7f6f44cfb000 r--s 00005000 08:01 918184                     /home/user/Programme/android-studio/plugins/gradle/lib/gradle-tooling-extension-api.jar
7f6f44cfb000-7f6f44cfe000 ---p 00000000 00:00 0 
7f6f44cfe000-7f6f44d34000 rw-p 00000000 00:00 0 
7f6f44d34000-7f6f44d35000 r--p 00000000 00:00 0 
7f6f44d35000-7f6f44d36000 r--s 00000000 08:01 396068                     /home/user/.gradle/caches/jars-1/dg22azhabc6tsc1i8xni15giz1bnssh/gradle-appengine-builder-model-0.1.0.jar
7f6f44d36000-7f6f44d38000 r--s 00004000 08:01 394558                     /home/user/.gradle/caches/jars-1/qtven7mi8z3hsfxxq8clnrju24s99pt/builder-model-1.1.0-rc1.jar
7f6f44d38000-7f6f44df2000 r--s 00fb6000 08:01 394556                     /home/user/.gradle/caches/jars-1/4ubxvm6cvkptn01nmlhp3vxjv7388k/openapi.jar
7f6f44df2000-7f6f44df4000 r--s 00005000 08:01 394554                     /home/user/.gradle/caches/jars-1/bhwj5r0qcaq4pqpfen2765w10ydne55/gradle-tooling-extension-api.jar
7f6f44df4000-7f6f44e1c000 r--s 001cf000 08:01 396058                     /home/user/.gradle/caches/jars-1/87eo0lrvp84r6dbxjq018wy66es2era/guava-jdk5-17.0.jar
7f6f44e1c000-7f6f44e1f000 ---p 00000000 00:00 0 
7f6f44e1f000-7f6f44f1d000 rw-p 00000000 00:00 0                          [stack:8591]
7f6f44f1d000-7f6f44f88000 r--s 00e22000 08:01 1202434                    /usr/lib/jvm/java-7-oracle/lib/tools.jar
7f6f44f88000-7f6f44f8b000 ---p 00000000 00:00 0 
7f6f44f8b000-7f6f45089000 rw-p 00000000 00:00 0                          [stack:8623]
7f6f45089000-7f6f4508c000 ---p 00000000 00:00 0 
7f6f4508c000-7f6f4518a000 rw-p 00000000 00:00 0                          [stack:8583]
7f6f4518a000-7f6f4518d000 ---p 00000000 00:00 0 
7f6f4518d000-7f6f4528b000 rw-p 00000000 00:00 0                          [stack:8622]
7f6f4528b000-7f6f4528e000 ---p 00000000 00:00 0 
7f6f4528e000-7f6f4538c000 rw-p 00000000 00:00 0                          [stack:8621]
7f6f4538c000-7f6f4538f000 ---p 00000000 00:00 0 
7f6f4538f000-7f6f4548d000 rw-p 00000000 00:00 0                          [stack:8580]
7f6f4548d000-7f6f45490000 ---p 00000000 00:00 0 
7f6f45490000-7f6f4558e000 rw-p 00000000 00:00 0                          [stack:8579]
7f6f4558e000-7f6f455a4000 r-xp 00000000 08:01 790683                     /lib/x86_64-linux-gnu/libgcc_s.so.1
7f6f455a4000-7f6f457a3000 ---p 00016000 08:01 790683                     /lib/x86_64-linux-gnu/libgcc_s.so.1
7f6f457a3000-7f6f457a4000 rw-p 00015000 08:01 790683                     /lib/x86_64-linux-gnu/libgcc_s.so.1
7f6f457a4000-7f6f4588a000 r-xp 00000000 08:01 1190913                    /usr/lib/x86_64-linux-gnu/libstdc++.so.6.0.19
7f6f4588a000-7f6f45a89000 ---p 000e6000 08:01 1190913                    /usr/lib/x86_64-linux-gnu/libstdc++.so.6.0.19
7f6f45a89000-7f6f45a91000 r--p 000e5000 08:01 1190913                    /usr/lib/x86_64-linux-gnu/libstdc++.so.6.0.19
7f6f45a91000-7f6f45a93000 rw-p 000ed000 08:01 1190913                    /usr/lib/x86_64-linux-gnu/libstdc++.so.6.0.19
7f6f45a93000-7f6f45aa8000 rw-p 00000000 00:00 0 
7f6f45aa8000-7f6f45aae000 r--s 00026000 08:01 396060                     /home/user/.gradle/caches/jars-1/qlb402qqdb9mu9614i3hr843cfch7zw/gradle-base-services-2.2.jar
7f6f45aae000-7f6f45ab7000 r--s 0002c000 08:01 396056                     /home/user/.gradle/caches/jars-1/ltkluv74baem3ersp41z8rutm6he5v5/gradle-tooling-api-2.2.jar
7f6f45ab7000-7f6f45abe000 r--s 00000000 08:01 1464460                    /usr/lib/x86_64-linux-gnu/gconv/gconv-modules.cache
7f6f45abe000-7f6f45ac2000 r-xp 00000000 08:01 1060498                    /tmp/native-platform918533438193498809dir/libnative-platform.so
7f6f45ac2000-7f6f45cc1000 ---p 00004000 08:01 1060498                    /tmp/native-platform918533438193498809dir/libnative-platform.so
7f6f45cc1000-7f6f45cc2000 rw-p 00003000 08:01 1060498                    /tmp/native-platform918533438193498809dir/libnative-platform.so
7f6f45cc2000-7f6f45cc6000 r--s 0008b000 08:01 1195950                    /usr/lib/jvm/java-7-oracle/jre/lib/jsse.jar
7f6f45cc6000-7f6f45cc7000 r--s 00001000 08:01 529999                     /home/user/.gradle/wrapper/dists/gradle-2.2.1-all/c64ydeuardnfqctvr1gm30w53/gradle-2.2.1/lib/plugins/gradle-plugin-development-2.2.1.jar
7f6f45cc7000-7f6f45cc9000 r--s 00002000 08:01 529998                     /home/user/.gradle/wrapper/dists/gradle-2.2.1-all/c64ydeuardnfqctvr1gm30w53/gradle-2.2.1/lib/plugins/gradle-cunit-2.2.1.jar
7f6f45cc9000-7f6f45cce000 r--s 00036000 08:01 529997                     /home/user/.gradle/wrapper/dists/gradle-2.2.1-all/c64ydeuardnfqctvr1gm30w53/gradle-2.2.1/lib/plugins/gradle-ide-native-2.2.1.jar
7f6f45cce000-7f6f45cd3000 r--s 00013000 08:01 529996                     /home/user/.gradle/wrapper/dists/gradle-2.2.1-all/c64ydeuardnfqctvr1gm30w53/gradle-2.2.1/lib/plugins/gradle-language-native-2.2.1.jar
7f6f45cd3000-7f6f45cde000 r--s 0004d000 08:01 529995                     /home/user/.gradle/wrapper/dists/gradle-2.2.1-all/c64ydeuardnfqctvr1gm30w53/gradle-2.2.1/lib/plugins/gradle-platform-native-2.2.1.jar
7f6f45cde000-7f6f45ce0000 r--s 00008000 08:01 529994                     /home/user/.gradle/wrapper/dists/gradle-2.2.1-all/c64ydeuardnfqctvr1gm30w53/gradle-2.2.1/lib/plugins/gradle-language-groovy-2.2.1.jar
7f6f45ce0000-7f6f45ce5000 r--s 00022000 08:01 529993                     /home/user/.gradle/wrapper/dists/gradle-2.2.1-all/c64ydeuardnfqctvr1gm30w53/gradle-2.2.1/lib/plugins/gradle-language-java-2.2.1.jar
7f6f45ce5000-7f6f45ce8000 r--s 00007000 08:01 529992                     /home/user/.gradle/wrapper/dists/gradle-2.2.1-all/c64ydeuardnfqctvr1gm30w53/gradle-2.2.1/lib/plugins/gradle-language-jvm-2.2.1.jar
7f6f45ce8000-7f6f45ceb000 r--s 00009000 08:01 529991                     /home/user/.gradle/wrapper/dists/gradle-2.2.1-all/c64ydeuardnfqctvr1gm30w53/gradle-2.2.1/lib/plugins/gradle-platform-jvm-2.2.1.jar
7f6f45ceb000-7f6f45cf0000 r--s 00018000 08:01 529990                     /home/user/.gradle/wrapper/dists/gradle-2.2.1-all/c64ydeuardnfqctvr1gm30w53/gradle-2.2.1/lib/plugins/gradle-platform-base-2.2.1.jar
7f6f45cf0000-7f6f45cf5000 r--s 00026000 08:01 529989                     /home/user/.gradle/wrapper/dists/gradle-2.2.1-all/c64ydeuardnfqctvr1gm30w53/gradle-2.2.1/lib/plugins/gradle-build-init-2.2.1.jar
7f6f45cf5000-7f6f45cf8000 r--s 0001d000 08:01 529988                     /home/user/.gradle/wrapper/dists/gradle-2.2.1-all/c64ydeuardnfqctvr1gm30w53/gradle-2.2.1/lib/plugins/gradle-jacoco-2.2.1.jar
7f6f45cf8000-7f6f45cfb000 r--s 0000d000 08:01 529987                     /home/user/.gradle/wrapper/dists/gradle-2.2.1-all/c64ydeuardnfqctvr1gm30w53/gradle-2.2.1/lib/plugins/gradle-ivy-2.2.1.jar
7f6f45cfb000-7f6f45cfd000 r--s 00002000 08:01 529986                     /home/user/.gradle/wrapper/dists/gradle-2.2.1-all/c64ydeuardnfqctvr1gm30w53/gradle-2.2.1/lib/plugins/gradle-publish-2.2.1.jar
7f6f45cfd000-7f6f45cff000 r--s 00005000 08:01 530027                     /home/user/.gradle/wrapper/dists/gradle-2.2.1-all/c64ydeuardnfqctvr1gm30w53/gradle-2.2.1/lib/plugins/jatl-0.2.2.jar
7f6f45cff000-7f6f45d01000 r--s 0000f000 08:01 529985                     /home/user/.gradle/wrapper/dists/gradle-2.2.1-all/c64ydeuardnfqctvr1gm30w53/gradle-2.2.1/lib/plugins/gradle-reporting-2.2.1.jar
7f6f45d01000-7f6f45d06000 r--s 00034000 08:01 529984                     /home/user/.gradle/wrapper/dists/gradle-2.2.1-all/c64ydeuardnfqctvr1gm30w53/gradle-2.2.1/lib/plugins/gradle-diagnostics-2.2.1.jar
7f6f45d06000-7f6f45d0d000 r--s 00090000 08:01 529983                     /home/user/.gradle/wrapper/dists/gradle-2.2.1-all/c64ydeuardnfqctvr1gm30w53/gradle-2.2.1/lib/plugins/gradle-build-comparison-2.2.1.jar
7f6f45d0d000-7f6f45d14000 r--s 00035000 08:01 530026                     /home/user/.gradle/wrapper/dists/gradle-2.2.1-all/c64ydeuardnfqctvr1gm30w53/gradle-2.2.1/lib/plugins/simple-4.1.21.jar
7f6f45d14000-7f6f45d20000 r--s 00100000 08:01 530021                     /home/user/.gradle/wrapper/dists/gradle-2.2.1-all/c64ydeuardnfqctvr1gm30w53/gradle-2.2.1/lib/plugins/rhino-1.7R3.jar
7f6f45d20000-7f6f45d25000 r--s 0001f000 08:01 529982                     /home/user/.gradle/wrapper/dists/gradle-2.2.1-all/c64ydeuardnfqctvr1gm30w53/gradle-2.2.1/lib/plugins/gradle-javascript-2.2.1.jar
7f6f45d25000-7f6f45d27000 r--s 0000e000 08:01 529981                     /home/user/.gradle/wrapper/dists/gradle-2.2.1-all/c64ydeuardnfqctvr1gm30w53/gradle-2.2.1/lib/plugins/gradle-ear-2.2.1.jar
7f6f45d27000-7f6f45d2b000 r--s 00025000 08:01 530020                     /home/user/.gradle/wrapper/dists/gradle-2.2.1-all/c64ydeuardnfqctvr1gm30w53/gradle-2.2.1/lib/plugins/bcpg-jdk15-1.46.jar
7f6f45d2b000-7f6f45d39000 r--s 000bc000 08:01 529976                     /home/user/.gradle/wrapper/dists/gradle-2.2.1-all/c64ydeuardnfqctvr1gm30w53/gradle-2.2.1/lib/plugins/gradle-ide-2.2.1.jar
7f6f45d39000-7f6f45d51000 r--s 0013b000 08:01 530014                     /home/user/.gradle/wrapper/dists/gradle-2.2.1-all/c64ydeuardnfqctvr1gm30w53/gradle-2.2.1/lib/plugins/bndlib-2.1.0.jar
7f6f45d51000-7f6f45d58000 r--s 0007d000 08:01 530005                     /home/user/.gradle/wrapper/dists/gradle-2.2.1-all/c64ydeuardnfqctvr1gm30w53/gradle-2.2.1/lib/plugins/jetty-6.1.25.jar
7f6f45d58000-7f6f45d5b000 r--s 0001d000 08:01 529980                     /home/user/.gradle/wrapper/dists/gradle-2.2.1-all/c64ydeuardnfqctvr1gm30w53/gradle-2.2.1/lib/plugins/gradle-signing-2.2.1.jar
7f6f45d5b000-7f6f45d5c000 r--s 00002000 08:01 530019                     /home/user/.gradle/wrapper/dists/gradle-2.2.1-all/c64ydeuardnfqctvr1gm30w53/gradle-2.2.1/lib/plugins/sonar-batch-bootstrapper-2.9.jar
7f6f45d5c000-7f6f45d5f000 r--s 00018000 08:01 529979                     /home/user/.gradle/wrapper/dists/gradle-2.2.1-all/c64ydeuardnfqctvr1gm30w53/gradle-2.2.1/lib/plugins/gradle-sonar-2.2.1.jar
7f6f45d5f000-7f6f45d62000 r--s 00017000 08:01 529978                     /home/user/.gradle/wrapper/dists/gradle-2.2.1-all/c64ydeuardnfqctvr1gm30w53/gradle-2.2.1/lib/plugins/gradle-scala-2.2.1.jar
7f6f45d62000-7f6f45d64000 r--s 0000e000 08:01 529977                     /home/user/.gradle/wrapper/dists/gradle-2.2.1-all/c64ydeuardnfqctvr1gm30w53/gradle-2.2.1/lib/plugins/gradle-announce-2.2.1.jar
7f6f45d64000-7f6f45d66000 r--s 00000000 08:01 530018                     /home/user/.gradle/wrapper/dists/gradle-2.2.1-all/c64ydeuardnfqctvr1gm30w53/gradle-2.2.1/lib/plugins/plexus-component-annotations-1.5.2.jar
7f6f45d66000-7f6f45d69000 r--s 0000c000 08:01 530017                     /home/user/.gradle/wrapper/dists/gradle-2.2.1-all/c64ydeuardnfqctvr1gm30w53/gradle-2.2.1/lib/plugins/pmaven-groovy-0.8-20100325.jar
7f6f45d69000-7f6f45d6a000 r--s 00004000 08:01 530016                     /home/user/.gradle/wrapper/dists/gradle-2.2.1-all/c64ydeuardnfqctvr1gm30w53/gradle-2.2.1/lib/plugins/pmaven-common-0.8-20100325.jar
7f6f45d6a000-7f6f45d6e000 r--s 0001e000 08:01 529975                     /home/user/.gradle/wrapper/dists/gradle-2.2.1-all/c64ydeuardnfqctvr1gm30w53/gradle-2.2.1/lib/plugins/gradle-maven-2.2.1.jar
7f6f45d6e000-7f6f45d70000 r--s 00004000 08:01 529974                     /home/user/.gradle/wrapper/dists/gradle-2.2.1-all/c64ydeuardnfqctvr1gm30w53/gradle-2.2.1/lib/plugins/gradle-osgi-2.2.1.jar
7f6f45d70000-7f6f45d75000 r--s 00068000 08:01 530013                     /home/user/.gradle/wrapper/dists/gradle-2.2.1-all/c64ydeuardnfqctvr1gm30w53/gradle-2.2.1/lib/plugins/antlr-2.7.7.jar
7f6f45d75000-7f6f45d76000 r--s 00002000 08:01 530012                     /home/user/.gradle/wrapper/dists/gradle-2.2.1-all/c64ydeuardnfqctvr1gm30w53/gradle-2.2.1/lib/plugins/ant-antlr-1.9.3.jar
7f6f45d76000-7f6f45d78000 r--s 00004000 08:01 529973                     /home/user/.gradle/wrapper/dists/gradle-2.2.1-all/c64ydeuardnfqctvr1gm30w53/gradle-2.2.1/lib/plugins/gradle-antlr-2.2.1.jar
7f6f45d78000-7f6f45d7b000 r--s 0001e000 08:01 530038                     /home/user/.gradle/wrapper/dists/gradle-2.2.1-all/c64ydeuardnfqctvr1gm30w53/gradle-2.2.1/lib/plugins/jsp-api-2.1-6.1.14.jar
7f6f45d7b000-7f6f45d9e000 r--s 00344000 08:01 530037                     /home/user/.gradle/wrapper/dists/gradle-2.2.1-all/c64ydeuardnfqctvr1gm30w53/gradle-2.2.1/lib/plugins/core-3.1.1.jar
7f6f45d9e000-7f6f45d9f000 r--s 00006000 08:01 530036                     /home/user/.gradle/wrapper/dists/gradle-2.2.1-all/c64ydeuardnfqctvr1gm30w53/gradle-2.2.1/lib/plugins/jetty-naming-6.1.25.jar
7f6f45d9f000-7f6f45da0000 r--s 00002000 08:01 530011                     /home/user/.gradle/wrapper/dists/gradle-2.2.1-all/c64ydeuardnfqctvr1gm30w53/gradle-2.2.1/lib/plugins/geronimo-annotation_1.0_spec-1.0.jar
7f6f45da0000-7f6f45da2000 r--s 00002000 08:01 530010                     /home/user/.gradle/wrapper/dists/gradle-2.2.1-all/c64ydeuardnfqctvr1gm30w53/gradle-2.2.1/lib/plugins/jetty-annotations-6.1.25.jar
7f6f45da2000-7f6f45db3000 r--s 000ea000 08:01 530009                     /home/user/.gradle/wrapper/dists/gradle-2.2.1-all/c64ydeuardnfqctvr1gm30w53/gradle-2.2.1/lib/plugins/jsp-2.1-6.1.14.jar
7f6f45db3000-7f6f45db5000 r--s 0000d000 08:01 530008                     /home/user/.gradle/wrapper/dists/gradle-2.2.1-all/c64ydeuardnfqctvr1gm30w53/gradle-2.2.1/lib/plugins/jetty-plus-6.1.25.jar
7f6f45db5000-7f6f45db7000 r--s 0001f000 08:01 530007                     /home/user/.gradle/wrapper/dists/gradle-2.2.1-all/c64ydeuardnfqctvr1gm30w53/gradle-2.2.1/lib/plugins/servlet-api-2.5-20081211.jar
7f6f45db7000-7f6f45dbb000 r--s 00028000 08:01 530006                     /home/user/.gradle/wrapper/dists/gradle-2.2.1-all/c64ydeuardnfqctvr1gm30w53/gradle-2.2.1/lib/plugins/jetty-util-6.1.25.jar
7f6f45dbb000-7f6f45dbd000 r--s 00009000 08:01 529972                     /home/user/.gradle/wrapper/dists/gradle-2.2.1-all/c64ydeuardnfqctvr1gm30w53/gradle-2.2.1/lib/plugins/gradle-jetty-2.2.1.jar
7f6f45dbd000-7f6f45dc2000 r--s 00041000 08:01 529971                     /home/user/.gradle/wrapper/dists/gradle-2.2.1-all/c64ydeuardnfqctvr1gm30w53/gradle-2.2.1/lib/plugins/gradle-code-quality-2.2.1.jar
7f6f45dc2000-7f6f45dc4000 r--s 00009000 08:01 530046                     /home/user/.gradle/wrapper/dists/gradle-2.2.1-all/c64ydeuardnfqctvr1gm30w53/gradle-2.2.1/lib/plugins/hamcrest-core-1.3.jar
7f6f45dc4000-7f6f45dca000 r--s 00033000 08:01 530035                     /home/user/.gradle/wrapper/dists/gradle-2.2.1-all/c64ydeuardnfqctvr1gm30w53/gradle-2.2.1/lib/plugins/snakeyaml-1.6.jar
7f6f45dca000-7f6f45dcc000 r--s 00006000 08:01 530034                     /home/user/.gradle/wrapper/dists/gradle-2.2.1-all/c64ydeuardnfqctvr1gm30w53/gradle-2.2.1/lib/plugins/jcommander-1.12.jar
7f6f45dcc000-7f6f45dd1000 r--s 00040000 08:01 530033                     /home/user/.gradle/wrapper/dists/gradle-2.2.1-all/c64ydeuardnfqctvr1gm30w53/gradle-2.2.1/lib/plugins/bsh-2.0b4.jar
7f6f45dd1000-7f6f45dd3000 r--s 00009000 08:01 530004                     /home/user/.gradle/wrapper/dists/gradle-2.2.1-all/c64ydeuardnfqctvr1gm30w53/gradle-2.2.1/lib/plugins/commons-cli-1.2.jar
7f6f45dd3000-7f6f45ddc000 r--s 00089000 08:01 530003                     /home/user/.gradle/wrapper/dists/gradle-2.2.1-all/c64ydeuardnfqctvr1gm30w53/gradle-2.2.1/lib/plugins/testng-6.3.1.jar
7f6f45ddc000-7f6f45de2000 r--s 00036000 08:01 530002                     /home/user/.gradle/wrapper/dists/gradle-2.2.1-all/c64ydeuardnfqctvr1gm30w53/gradle-2.2.1/lib/plugins/junit-4.11.jar
7f6f45de2000-7f6f45dee000 r--s 00075000 08:01 529970                     /home/user/.gradle/wrapper/dists/gradle-2.2.1-all/c64ydeuardnfqctvr1gm30w53/gradle-2.2.1/lib/plugins/gradle-plugins-2.2.1.jar
7f6f45dee000-7f6f45df1000 r--s 00011000 08:01 530000                     /home/user/.gradle/wrapper/dists/gradle-2.2.1-all/c64ydeuardnfqctvr1gm30w53/gradle-2.2.1/lib/plugins/gradle-plugin-use-2.2.1.jar
7f6f45df1000-7f6f45e09000 r--s 00115000 08:01 530044                     /home/user/.gradle/wrapper/dists/gradle-2.2.1-all/c64ydeuardnfqctvr1gm30w53/gradle-2.2.1/lib/plugins/xercesImpl-2.9.1.jar
7f6f45e09000-7f6f45e11000 r--s 00028000 08:01 530045                     /home/user/.gradle/wrapper/dists/gradle-2.2.1-all/c64ydeuardnfqctvr1gm30w53/gradle-2.2.1/lib/plugins/xml-apis-1.3.04.jar
7f6f45e11000-7f6f45e17000 r--s 0005b000 08:01 530043                     /home/user/.gradle/wrapper/dists/gradle-2.2.1-all/c64ydeuardnfqctvr1gm30w53/gradle-2.2.1/lib/plugins/jcifs-1.3.17.jar
7f6f45e17000-7f6f45e1d000 r--s 00031000 08:01 530042                     /home/user/.gradle/wrapper/dists/gradle-2.2.1-all/c64ydeuardnfqctvr1gm30w53/gradle-2.2.1/lib/plugins/httpcore-4.2.2.jar
7f6f45e1d000-7f6f45e23000 r--s 00033000 08:01 530041                     /home/user/.gradle/wrapper/dists/gradle-2.2.1-all/c64ydeuardnfqctvr1gm30w53/gradle-2.2.1/lib/plugins/commons-codec-1.6.jar
7f6f45e23000-7f6f45e26000 r--s 0001c000 08:01 530040                     /home/user/.gradle/wrapper/dists/gradle-2.2.1-all/c64ydeuardnfqctvr1gm30w53/gradle-2.2.1/lib/plugins/nekohtml-1.9.14.jar
7f6f45e26000-7f6f45e2f000 r--s 00060000 08:01 530039                     /home/user/.gradle/wrapper/dists/gradle-2.2.1-all/c64ydeuardnfqctvr1gm30w53/gradle-2.2.1/lib/plugins/httpclient-4.2.2.jar
7f6f45e2f000-7f6f45e31000 r--s 00007000 08:01 530028                     /home/user/.gradle/wrapper/dists/gradle-2.2.1-all/c64ydeuardnfqctvr1gm30w53/gradle-2.2.1/lib/plugins/gradle-resources-http-2.2.1.jar
7f6f45e31000-7f6f45e59000 r--s 00194000 08:01 530032                     /home/user/.gradle/wrapper/dists/gradle-2.2.1-all/c64ydeuardnfqctvr1gm30w53/gradle-2.2.1/lib/plugins/bcprov-jdk15-1.46.jar
7f6f45e59000-7f6f45e5d000 r--s 0001d000 08:01 530031                     /home/user/.gradle/wrapper/dists/gradle-2.2.1-all/c64ydeuardnfqctvr1gm30w53/gradle-2.2.1/lib/plugins/xbean-reflect-3.4.jar
7f6f45e5d000-7f6f45e62000 r--s 0002a000 08:01 530025                     /home/user/.gradle/wrapper/dists/gradle-2.2.1-all/c64ydeuardnfqctvr1gm30w53/gradle-2.2.1/lib/plugins/gson-2.2.4.jar
7f6f45e62000-7f6f45e66000 r--s 0003d000 08:01 530030                     /home/user/.gradle/wrapper/dists/gradle-2.2.1-all/c64ydeuardnfqctvr1gm30w53/gradle-2.2.1/lib/plugins/jsch-0.1.51.jar
7f6f45e66000-7f6f45e7f000 r--s 00129000 08:01 530015                     /home/user/.gradle/wrapper/dists/gradle-2.2.1-all/c64ydeuardnfqctvr1gm30w53/gradle-2.2.1/lib/plugins/maven-ant-tasks-2.1.3.jar
7f6f45e7f000-7f6f45e8e000 r--s 000d9000 08:01 530029                     /home/user/.gradle/wrapper/dists/gradle-2.2.1-all/c64ydeuardnfqctvr1gm30w53/gradle-2.2.1/lib/plugins/ivy-2.2.0.jar
7f6f45e8e000-7f6f45e92000 r--s 0001e000 08:01 529968                     /home/user/.gradle/wrapper/dists/gradle-2.2.1-all/c64ydeuardnfqctvr1gm30w53/gradle-2.2.1/lib/plugins/jarjar-aether-impl-1.13.1.jar
7f6f45e92000-7f6f45e95000 r--s 00027000 08:01 529966                     /home/user/.gradle/wrapper/dists/gradle-2.2.1-all/c64ydeuardnfqctvr1gm30w53/gradle-2.2.1/lib/plugins/jarjar-maven-model-3.0.4.jar
7f6f45e95000-7f6f45e98000 r--s 0000b000 08:01 529965                     /home/user/.gradle/wrapper/dists/gradle-2.2.1-all/c64ydeuardnfqctvr1gm30w53/gradle-2.2.1/lib/plugins/jarjar-maven-artifact-3.0.4.jar
7f6f45e98000-7f6f45e9c000 r--s 0001e000 08:01 529964                     /home/user/.gradle/wrapper/dists/gradle-2.2.1-all/c64ydeuardnfqctvr1gm30w53/gradle-2.2.1/lib/plugins/jarjar-aether-util-1.13.1.jar
7f6f45e9c000-7f6f45e9e000 r--s 00007000 08:01 529963                     /home/user/.gradle/wrapper/dists/gradle-2.2.1-all/c64ydeuardnfqctvr1gm30w53/gradle-2.2.1/lib/plugins/jarjar-wagon-http-shared4-2.4.jar
7f6f45e9e000-7f6f45eab000 r--s 00083000 08:01 529962                     /home/user/.gradle/wrapper/dists/gradle-2.2.1-all/c64ydeuardnfqctvr1gm30w53/gradle-2.2.1/lib/plugins/jarjar-maven-core-3.0.4.jar
7f6f45eab000-7f6f45ead000 r--s 00003000 08:01 529961                     /home/user/.gradle/wrapper/dists/gradle-2.2.1-all/c64ydeuardnfqctvr1gm30w53/gradle-2.2.1/lib/plugins/jarjar-aether-spi-1.13.1.jar
7f6f45ead000-7f6f45eaf000 r--s 00009000 08:01 529960                     /home/user/.gradle/wrapper/dists/gradle-2.2.1-all/c64ydeuardnfqctvr1gm30w53/gradle-2.2.1/lib/plugins/jarjar-maven-settings-builder-3.0.4.jar
7f6f45eaf000-7f6f45eb3000 r--s 00014000 08:01 529959                     /home/user/.gradle/wrapper/dists/gradle-2.2.1-all/c64ydeuardnfqctvr1gm30w53/gradle-2.2.1/lib/plugins/jarjar-aether-api-1.13.1.jar
7f6f45eb3000-7f6f45eb4000 r--s 00002000 08:01 529958                     /home/user/.gradle/wrapper/dists/gradle-2.2.1-all/c64ydeuardnfqctvr1gm30w53/gradle-2.2.1/lib/plugins/jarjar-wagon-http-2.4.jar
7f6f45eb4000-7f6f45ebb000 r--s 00042000 08:01 529957                     /home/user/.gradle/wrapper/dists/gradle-2.2.1-all/c64ydeuardnfqctvr1gm30w53/gradle-2.2.1/lib/plugins/jarjar-maven-compat-3.0.4.jar
7f6f45ebb000-7f6f45ebd000 r--s 00006000 08:01 529956                     /home/user/.gradle/wrapper/dists/gradle-2.2.1-all/c64ydeuardnfqctvr1gm30w53/gradle-2.2.1/lib/plugins/jarjar-aether-connector-wagon-1.13.1.jar
7f6f45ebd000-7f6f45ebf000 r--s 00000000 08:01 529955                     /home/user/.gradle/wrapper/dists/gradle-2.2.1-all/c64ydeuardnfqctvr1gm30w53/gradle-2.2.1/lib/plugins/jarjar-plexus-component-annotations-1.5.5.jar
7f6f45ebf000-7f6f45ec1000 r--s 00006000 08:01 529954                     /home/user/.gradle/wrapper/dists/gradle-2.2.1-all/c64ydeuardnfqctvr1gm30w53/gradle-2.2.1/lib/plugins/jarjar-plexus-sec-dispatcher-1.3.jar
7f6f45ec1000-7f6f45ec6000 r--s 00022000 08:01 529953                     /home/user/.gradle/wrapper/dists/gradle-2.2.1-all/c64ydeuardnfqctvr1gm30w53/gradle-2.2.1/lib/plugins/jarjar-maven-model-builder-3.0.4.jar
7f6f45ec6000-7f6f45ec8000 r--s 0000b000 08:01 529952                     /home/user/.gradle/wrapper/dists/gradle-2.2.1-all/c64ydeuardnfqctvr1gm30w53/gradle-2.2.1/lib/plugins/jarjar-maven-plugin-api-3.0.4.jar
7f6f45ec8000-7f6f45ecb000 r--s 0000a000 08:01 529951                     /home/user/.gradle/wrapper/dists/gradle-2.2.1-all/c64ydeuardnfqctvr1gm30w53/gradle-2.2.1/lib/plugins/jarjar-plexus-classworlds-2.4.jar
7f6f45ecb000-7f6f45ecf000 r--s 00035000 08:01 529950                     /home/user/.gradle/wrapper/dists/gradle-2.2.1-all/c64ydeuardnfqctvr1gm30w53/gradle-2.2.1/lib/plugins/jarjar-plexus-utils-2.0.6.jar
7f6f45ecf000-7f6f45ed1000 r--s 0000e000 08:01 529949                     /home/user/.gradle/wrapper/dists/gradle-2.2.1-all/c64ydeuardnfqctvr1gm30w53/gradle-2.2.1/lib/plugins/jarjar-plexus-interpolation-1.14.jar
7f6f45ed1000-7f6f45ed3000 r--s 00002000 08:01 529948                     /home/user/.gradle/wrapper/dists/gradle-2.2.1-all/c64ydeuardnfqctvr1gm30w53/gradle-2.2.1/lib/plugins/jarjar-plexus-cipher-1.7.jar
7f6f45ed3000-7f6f45ed5000 r--s 0000c000 08:01 529947                     /home/user/.gradle/wrapper/dists/gradle-2.2.1-all/c64ydeuardnfqctvr1gm30w53/gradle-2.2.1/lib/plugins/jarjar-wagon-provider-api-2.4.jar
7f6f45ed5000-7f6f45ed7000 r--s 0000d000 08:01 529946                     /home/user/.gradle/wrapper/dists/gradle-2.2.1-all/c64ydeuardnfqctvr1gm30w53/gradle-2.2.1/lib/plugins/jarjar-maven-aether-provider-3.0.4.jar
7f6f45ed7000-7f6f45edf000 r--s 00031000 08:01 529945                     /home/user/.gradle/wrapper/dists/gradle-2.2.1-all/c64ydeuardnfqctvr1gm30w53/gradle-2.2.1/lib/plugins/jarjar-plexus-container-default-1.5.5.jar
7f6f45edf000-7f6f45ee0000 r--s 00007000 08:01 529944                     /home/user/.gradle/wrapper/dists/gradle-2.2.1-all/c64ydeuardnfqctvr1gm30w53/gradle-2.2.1/lib/plugins/jarjar-maven-repository-metadata-3.0.4.jar
7f6f45ee0000-7f6f45ee1000 r--s 0000b000 08:01 529943                     /home/user/.gradle/wrapper/dists/gradle-2.2.1-all/c64ydeuardnfqctvr1gm30w53/gradle-2.2.1/lib/plugins/jarjar-maven-settings-3.0.4.jar
7f6f45ee1000-7f6f45ef9000 r--s 000b5000 08:01 530001                     /home/user/.gradle/wrapper/dists/gradle-2.2.1-all/c64ydeuardnfqctvr1gm30w53/gradle-2.2.1/lib/plugins/gradle-dependency-management-2.2.1.jar
7f6f45ef9000-7f6f45f09000 r-xp 00000000 08:01 1195452                    /usr/lib/jvm/java-7-oracle/jre/lib/amd64/libnio.so
7f6f45f09000-7f6f46109000 ---p 00010000 08:01 1195452                    /usr/lib/jvm/java-7-oracle/jre/lib/amd64/libnio.so
7f6f46109000-7f6f4610a000 rw-p 00010000 08:01 1195452                    /usr/lib/jvm/java-7-oracle/jre/lib/amd64/libnio.so
7f6f4610a000-7f6f4613b000 rw-p 00000000 00:00 0 
7f6f4613b000-7f6f46151000 r-xp 00000000 08:01 1195414                    /usr/lib/jvm/java-7-oracle/jre/lib/amd64/libnet.so
7f6f46151000-7f6f46351000 ---p 00016000 08:01 1195414                    /usr/lib/jvm/java-7-oracle/jre/lib/amd64/libnet.so
7f6f46351000-7f6f46352000 rw-p 00016000 08:01 1195414                    /usr/lib/jvm/java-7-oracle/jre/lib/amd64/libnet.so
7f6f46352000-7f6f46353000 r--s 00005000 08:01 529888                     /home/user/.gradle/wrapper/dists/gradle-2.2.1-all/c64ydeuardnfqctvr1gm30w53/gradle-2.2.1/lib/gradle-wrapper-2.2.1.jar
7f6f46353000-7f6f4635c000 r--s 0002c000 08:01 529893                     /home/user/.gradle/wrapper/dists/gradle-2.2.1-all/c64ydeuardnfqctvr1gm30w53/gradle-2.2.1/lib/gradle-tooling-api-2.2.1.jar
7f6f4635c000-7f6f4635e000 r--s 00002000 08:01 529923                     /home/user/.gradle/wrapper/dists/gradle-2.2.1-all/c64ydeuardnfqctvr1gm30w53/gradle-2.2.1/lib/gradle-open-api-2.2.1.jar
7f6f4635e000-7f6f46364000 r--s 00032000 08:01 529925                     /home/user/.gradle/wrapper/dists/gradle-2.2.1-all/c64ydeuardnfqctvr1gm30w53/gradle-2.2.1/lib/jaxen-1.1.jar
7f6f46364000-7f6f46369000 r--s 00048000 08:01 529924                     /home/user/.gradle/wrapper/dists/gradle-2.2.1-all/c64ydeuardnfqctvr1gm30w53/gradle-2.2.1/lib/dom4j-1.6.1.jar
7f6f46369000-7f6f46374000 r--s 00059000 08:01 529892                     /home/user/.gradle/wrapper/dists/gradle-2.2.1-all/c64ydeuardnfqctvr1gm30w53/gradle-2.2.1/lib/gradle-ui-2.2.1.jar
7f6f46374000-7f6f46376000 r--s 00006000 08:01 529919                     /home/user/.gradle/wrapper/dists/gradle-2.2.1-all/c64ydeuardnfqctvr1gm30w53/gradle-2.2.1/lib/gradle-resources-2.2.1.jar
7f6f46376000-7f6f46378000 r--s 00007000 08:01 529941                     /home/user/.gradle/wrapper/dists/gradle-2.2.1-all/c64ydeuardnfqctvr1gm30w53/gradle-2.2.1/lib/objenesis-1.2.jar
7f6f46378000-7f6f4637a000 r--s 00000000 08:01 529940                     /home/user/.gradle/wrapper/dists/gradle-2.2.1-all/c64ydeuardnfqctvr1gm30w53/gradle-2.2.1/lib/minlog-1.2.jar
7f6f4637a000-7f6f4637c000 r--s 0000f000 08:01 529939                     /home/user/.gradle/wrapper/dists/gradle-2.2.1-all/c64ydeuardnfqctvr1gm30w53/gradle-2.2.1/lib/reflectasm-1.07-shaded.jar
7f6f4637c000-7f6f46380000 r--s 00026000 08:01 529930                     /home/user/.gradle/wrapper/dists/gradle-2.2.1-all/c64ydeuardnfqctvr1gm30w53/gradle-2.2.1/lib/kryo-2.20.jar
7f6f46380000-7f6f46389000 r--s 00039000 08:01 529918                     /home/user/.gradle/wrapper/dists/gradle-2.2.1-all/c64ydeuardnfqctvr1gm30w53/gradle-2.2.1/lib/gradle-messaging-2.2.1.jar
7f6f46389000-7f6f4638a000 r--s 00003000 08:01 529938                     /home/user/.gradle/wrapper/dists/gradle-2.2.1-all/c64ydeuardnfqctvr1gm30w53/gradle-2.2.1/lib/native-platform-freebsd-amd64-0.10.jar
7f6f4638a000-7f6f4638b000 r--s 00003000 08:01 529937                     /home/user/.gradle/wrapper/dists/gradle-2.2.1-all/c64ydeuardnfqctvr1gm30w53/gradle-2.2.1/lib/native-platform-freebsd-i386-0.10.jar
7f6f4638b000-7f6f4638c000 r--s 00005000 08:01 529936                     /home/user/.gradle/wrapper/dists/gradle-2.2.1-all/c64ydeuardnfqctvr1gm30w53/gradle-2.2.1/lib/native-platform-windows-i386-0.10.jar
7f6f4638c000-7f6f4638d000 r--s 00005000 08:01 529935                     /home/user/.gradle/wrapper/dists/gradle-2.2.1-all/c64ydeuardnfqctvr1gm30w53/gradle-2.2.1/lib/native-platform-windows-amd64-0.10.jar
7f6f4638d000-7f6f4638e000 r--s 00003000 08:01 529934                     /home/user/.gradle/wrapper/dists/gradle-2.2.1-all/c64ydeuardnfqctvr1gm30w53/gradle-2.2.1/lib/native-platform-linux-i386-0.10.jar
7f6f4638e000-7f6f4638f000 r--s 00003000 08:01 529933                     /home/user/.gradle/wrapper/dists/gradle-2.2.1-all/c64ydeuardnfqctvr1gm30w53/gradle-2.2.1/lib/native-platform-linux-amd64-0.10.jar
7f6f4638f000-7f6f46390000 r--s 00002000 08:01 529932                     /home/user/.gradle/wrapper/dists/gradle-2.2.1-all/c64ydeuardnfqctvr1gm30w53/gradle-2.2.1/lib/native-platform-osx-amd64-0.10.jar
7f6f46390000-7f6f46391000 r--s 00002000 08:01 529931                     /home/user/.gradle/wrapper/dists/gradle-2.2.1-all/c64ydeuardnfqctvr1gm30w53/gradle-2.2.1/lib/native-platform-osx-i386-0.10.jar
7f6f46391000-7f6f463fc000 r--s 00685000 08:01 529898                     /home/user/.gradle/wrapper/dists/gradle-2.2.1-all/c64ydeuardnfqctvr1gm30w53/gradle-2.2.1/lib/groovy-all-2.3.6.jar
7f6f463fc000-7f6f463fd000 ---p 00000000 00:00 0 
7f6f463fd000-7f6f464fd000 rw-p 00000000 00:00 0                          [stack:8578]
7f6f464fd000-7f6f46500000 ---p 00000000 00:00 0 
7f6f46500000-7f6f465fe000 rw-p 00000000 00:00 0                          [stack:8576]
7f6f465fe000-7f6f46601000 ---p 00000000 00:00 0 
7f6f46601000-7f6f466ff000 rw-p 00000000 00:00 0                          [stack:8575]
7f6f466ff000-7f6f46702000 ---p 00000000 00:00 0 
7f6f46702000-7f6f49000000 rw-p 00000000 00:00 0                          [stack:8574]
7f6f49000000-7f6f494b0000 rwxp 00000000 00:00 0 
7f6f494b0000-7f6f4c634000 rw-p 00000000 00:00 0 
7f6f4c634000-7f6f50000000 ---p 00000000 00:00 0 
7f6f50000000-7f6f50002000 r--s 00008000 08:01 529928                     /home/user/.gradle/wrapper/dists/gradle-2.2.1-all/c64ydeuardnfqctvr1gm30w53/gradle-2.2.1/lib/jansi-1.2.1.jar
7f6f50002000-7f6f50005000 r--s 0000d000 08:01 529927                     /home/user/.gradle/wrapper/dists/gradle-2.2.1-all/c64ydeuardnfqctvr1gm30w53/gradle-2.2.1/lib/native-platform-0.10.jar
7f6f50005000-7f6f50009000 r--s 000e4000 08:01 529926                     /home/user/.gradle/wrapper/dists/gradle-2.2.1-all/c64ydeuardnfqctvr1gm30w53/gradle-2.2.1/lib/jna-3.2.7.jar
7f6f50009000-7f6f5000b000 r--s 00008000 08:01 529895                     /home/user/.gradle/wrapper/dists/gradle-2.2.1-all/c64ydeuardnfqctvr1gm30w53/gradle-2.2.1/lib/gradle-native-2.2.1.jar
7f6f5000b000-7f6f5000d000 r--s 00005000 08:01 529891                     /home/user/.gradle/wrapper/dists/gradle-2.2.1-all/c64ydeuardnfqctvr1gm30w53/gradle-2.2.1/lib/gradle-cli-2.2.1.jar
7f6f5000d000-7f6f5000f000 r--s 00003000 08:01 529917                     /home/user/.gradle/wrapper/dists/gradle-2.2.1-all/c64ydeuardnfqctvr1gm30w53/gradle-2.2.1/lib/gradle-base-services-groovy-2.2.1.jar
7f6f5000f000-7f6f50011000 r--s 0000a000 08:01 529900                     /home/user/.gradle/wrapper/dists/gradle-2.2.1-all/c64ydeuardnfqctvr1gm30w53/gradle-2.2.1/lib/gradle-model-groovy-2.2.1.jar
7f6f50011000-7f6f50015000 r--s 0001b000 08:01 529899                     /home/user/.gradle/wrapper/dists/gradle-2.2.1-all/c64ydeuardnfqctvr1gm30w53/gradle-2.2.1/lib/gradle-model-core-2.2.1.jar
7f6f50015000-7f6f50016000 r--s 00000000 08:01 529920                     /home/user/.gradle/wrapper/dists/gradle-2.2.1-all/c64ydeuardnfqctvr1gm30w53/gradle-2.2.1/lib/gradle-docs-2.2.1.jar
7f6f50016000-7f6f50018000 r--s 00003000 08:01 529922                     /home/user/.gradle/wrapper/dists/gradle-2.2.1-all/c64ydeuardnfqctvr1gm30w53/gradle-2.2.1/lib/jcl-over-slf4j-1.7.7.jar
7f6f50018000-7f6f50019000 r--s 00005000 08:01 529921                     /home/user/.gradle/wrapper/dists/gradle-2.2.1-all/c64ydeuardnfqctvr1gm30w53/gradle-2.2.1/lib/log4j-over-slf4j-1.7.7.jar
7f6f50019000-7f6f5001a000 r--s 00000000 08:01 529916                     /home/user/.gradle/wrapper/dists/gradle-2.2.1-all/c64ydeuardnfqctvr1gm30w53/gradle-2.2.1/lib/javax.inject-1.jar
7f6f5001a000-7f6f5001d000 r--s 0001b000 08:01 529915                     /home/user/.gradle/wrapper/dists/gradle-2.2.1-all/c64ydeuardnfqctvr1gm30w53/gradle-2.2.1/lib/jarjar-1.3.jar
7f6f5001d000-7f6f5001f000 r--s 00000000 08:01 529914                     /home/user/.gradle/wrapper/dists/gradle-2.2.1-all/c64ydeuardnfqctvr1gm30w53/gradle-2.2.1/lib/jul-to-slf4j-1.7.7.jar
7f6f5001f000-7f6f50025000 r--s 0003b000 08:01 529912                     /home/user/.gradle/wrapper/dists/gradle-2.2.1-all/c64ydeuardnfqctvr1gm30w53/gradle-2.2.1/lib/logback-classic-1.0.13.jar
7f6f50025000-7f6f5002f000 r--s 0005d000 08:01 529911                     /home/user/.gradle/wrapper/dists/gradle-2.2.1-all/c64ydeuardnfqctvr1gm30w53/gradle-2.2.1/lib/logback-core-1.0.13.jar
7f6f5002f000-7f6f50034000 r--s 00041000 08:01 529910                     /home/user/.gradle/wrapper/dists/gradle-2.2.1-all/c64ydeuardnfqctvr1gm30w53/gradle-2.2.1/lib/commons-lang-2.6.jar
7f6f50034000-7f6f50042000 r--s 0007f000 08:01 529907                     /home/user/.gradle/wrapper/dists/gradle-2.2.1-all/c64ydeuardnfqctvr1gm30w53/gradle-2.2.1/lib/commons-collections-3.2.1.jar
7f6f50042000-7f6f50047000 r--s 00036000 08:01 529904                     /home/user/.gradle/wrapper/dists/gradle-2.2.1-all/c64ydeuardnfqctvr1gm30w53/gradle-2.2.1/lib/asm-all-5.0.3.jar
7f6f50047000-7f6f5006f000 r--s 001cf000 08:01 529897                     /home/user/.gradle/wrapper/dists/gradle-2.2.1-all/c64ydeuardnfqctvr1gm30w53/gradle-2.2.1/lib/guava-jdk5-17.0.jar
7f6f5006f000-7f6f5008e000 r--s 001cc000 08:01 529905                     /home/user/.gradle/wrapper/dists/gradle-2.2.1-all/c64ydeuardnfqctvr1gm30w53/gradle-2.2.1/lib/ant-1.9.3.jar
7f6f5008e000-7f6f500bf000 r--s 00191000 08:01 529890                     /home/user/.gradle/wrapper/dists/gradle-2.2.1-all/c64ydeuardnfqctvr1gm30w53/gradle-2.2.1/lib/gradle-core-2.2.1.jar
7f6f500bf000-7f6f500c2000 ---p 00000000 00:00 0 
7f6f500c2000-7f6f501c0000 rw-p 00000000 00:00 0                          [stack:8573]
7f6f501c0000-7f6f50a12000 r--p 00000000 08:01 1187858                    /usr/lib/locale/locale-archive
7f6f50a12000-7f6f50a15000 ---p 00000000 00:00 0 
7f6f50a15000-7f6f50b13000 rw-p 00000000 00:00 0                          [stack:8572]
7f6f50b13000-7f6f50b16000 ---p 00000000 00:00 0 
7f6f50b16000-7f6f50c14000 rw-p 00000000 00:00 0                          [stack:8571]
7f6f50c14000-7f6f50c15000 ---p 00000000 00:00 0 
7f6f50c15000-7f6f516cc000 rw-p 00000000 00:00 0                          [stack:8570]
7f6f516cc000-7f6f5188b000 r--s 039f0000 08:01 1195949                    /usr/lib/jvm/java-7-oracle/jre/lib/rt.jar
7f6f5188b000-7f6f51c04000 rw-p 00000000 00:00 0 
7f6f51c04000-7f6f51c05000 ---p 00000000 00:00 0 
7f6f51c05000-7f6f51d05000 rw-p 00000000 00:00 0                          [stack:8569]
7f6f51d05000-7f6f51d06000 ---p 00000000 00:00 0 
7f6f51d06000-7f6f51e2e000 rw-p 00000000 00:00 0                          [stack:8568]
7f6f51e2e000-7f6f51e86000 rw-p 00000000 00:00 0 
7f6f51e86000-7f6f51ea1000 rw-p 00000000 00:00 0 
7f6f51ea1000-7f6f51fdc000 rw-p 00000000 00:00 0 
7f6f51fdc000-7f6f52004000 rw-p 00000000 00:00 0 
7f6f52004000-7f6f5205c000 rw-p 00000000 00:00 0 
7f6f5205c000-7f6f52077000 rw-p 00000000 00:00 0 
7f6f52077000-7f6f521b1000 rw-p 00000000 00:00 0 
7f6f521b1000-7f6f52245000 rw-p 00000000 00:00 0 
7f6f52245000-7f6f52246000 ---p 00000000 00:00 0 
7f6f52246000-7f6f5225c000 rw-p 00000000 00:00 0 
7f6f5225c000-7f6f5225d000 rw-p 00000000 00:00 0 
7f6f5225d000-7f6f52277000 r-xp 00000000 08:01 1195459                    /usr/lib/jvm/java-7-oracle/jre/lib/amd64/libzip.so
7f6f52277000-7f6f52477000 ---p 0001a000 08:01 1195459                    /usr/lib/jvm/java-7-oracle/jre/lib/amd64/libzip.so
7f6f52477000-7f6f52478000 rw-p 0001a000 08:01 1195459                    /usr/lib/jvm/java-7-oracle/jre/lib/amd64/libzip.so
7f6f52478000-7f6f52483000 r-xp 00000000 08:01 790681                     /lib/x86_64-linux-gnu/libnss_files-2.19.so
7f6f52483000-7f6f52682000 ---p 0000b000 08:01 790681                     /lib/x86_64-linux-gnu/libnss_files-2.19.so
7f6f52682000-7f6f52683000 r--p 0000a000 08:01 790681                     /lib/x86_64-linux-gnu/libnss_files-2.19.so
7f6f52683000-7f6f52684000 rw-p 0000b000 08:01 790681                     /lib/x86_64-linux-gnu/libnss_files-2.19.so
7f6f52684000-7f6f5268f000 r-xp 00000000 08:01 790678                     /lib/x86_64-linux-gnu/libnss_nis-2.19.so
7f6f5268f000-7f6f5288e000 ---p 0000b000 08:01 790678                     /lib/x86_64-linux-gnu/libnss_nis-2.19.so
7f6f5288e000-7f6f5288f000 r--p 0000a000 08:01 790678                     /lib/x86_64-linux-gnu/libnss_nis-2.19.so
7f6f5288f000-7f6f52890000 rw-p 0000b000 08:01 790678                     /lib/x86_64-linux-gnu/libnss_nis-2.19.so
7f6f52890000-7f6f528a7000 r-xp 00000000 08:01 790672                     /lib/x86_64-linux-gnu/libnsl-2.19.so
7f6f528a7000-7f6f52aa6000 ---p 00017000 08:01 790672                     /lib/x86_64-linux-gnu/libnsl-2.19.so
7f6f52aa6000-7f6f52aa7000 r--p 00016000 08:01 790672                     /lib/x86_64-linux-gnu/libnsl-2.19.so
7f6f52aa7000-7f6f52aa8000 rw-p 00017000 08:01 790672                     /lib/x86_64-linux-gnu/libnsl-2.19.so
7f6f52aa8000-7f6f52aaa000 rw-p 00000000 00:00 0 
7f6f52aaa000-7f6f52ab3000 r-xp 00000000 08:01 790669                     /lib/x86_64-linux-gnu/libnss_compat-2.19.so
7f6f52ab3000-7f6f52cb2000 ---p 00009000 08:01 790669                     /lib/x86_64-linux-gnu/libnss_compat-2.19.so
7f6f52cb2000-7f6f52cb3000 r--p 00008000 08:01 790669                     /lib/x86_64-linux-gnu/libnss_compat-2.19.so
7f6f52cb3000-7f6f52cb4000 rw-p 00009000 08:01 790669                     /lib/x86_64-linux-gnu/libnss_compat-2.19.so
7f6f52cb4000-7f6f52cdd000 r-xp 00000000 08:01 1195447                    /usr/lib/jvm/java-7-oracle/jre/lib/amd64/libjava.so
7f6f52cdd000-7f6f52edd000 ---p 00029000 08:01 1195447                    /usr/lib/jvm/java-7-oracle/jre/lib/amd64/libjava.so
7f6f52edd000-7f6f52edf000 rw-p 00029000 08:01 1195447                    /usr/lib/jvm/java-7-oracle/jre/lib/amd64/libjava.so
7f6f52edf000-7f6f52eec000 r-xp 00000000 08:01 1195407                    /usr/lib/jvm/java-7-oracle/jre/lib/amd64/libverify.so
7f6f52eec000-7f6f530eb000 ---p 0000d000 08:01 1195407                    /usr/lib/jvm/java-7-oracle/jre/lib/amd64/libverify.so
7f6f530eb000-7f6f530ed000 rw-p 0000c000 08:01 1195407                    /usr/lib/jvm/java-7-oracle/jre/lib/amd64/libverify.so
7f6f530ed000-7f6f530f4000 r-xp 00000000 08:01 790664                     /lib/x86_64-linux-gnu/librt-2.19.so
7f6f530f4000-7f6f532f3000 ---p 00007000 08:01 790664                     /lib/x86_64-linux-gnu/librt-2.19.so
7f6f532f3000-7f6f532f4000 r--p 00006000 08:01 790664                     /lib/x86_64-linux-gnu/librt-2.19.so
7f6f532f4000-7f6f532f5000 rw-p 00007000 08:01 790664                     /lib/x86_64-linux-gnu/librt-2.19.so
7f6f532f5000-7f6f533fa000 r-xp 00000000 08:01 790671                     /lib/x86_64-linux-gnu/libm-2.19.so
7f6f533fa000-7f6f535f9000 ---p 00105000 08:01 790671                     /lib/x86_64-linux-gnu/libm-2.19.so
7f6f535f9000-7f6f535fa000 r--p 00104000 08:01 790671                     /lib/x86_64-linux-gnu/libm-2.19.so
7f6f535fa000-7f6f535fb000 rw-p 00105000 08:01 790671                     /lib/x86_64-linux-gnu/libm-2.19.so
7f6f535fb000-7f6f54170000 r-xp 00000000 08:01 1195436                    /usr/lib/jvm/java-7-oracle/jre/lib/amd64/server/libjvm.so
7f6f54170000-7f6f54370000 ---p 00b75000 08:01 1195436                    /usr/lib/jvm/java-7-oracle/jre/lib/amd64/server/libjvm.so
7f6f54370000-7f6f54434000 rw-p 00b75000 08:01 1195436                    /usr/lib/jvm/java-7-oracle/jre/lib/amd64/server/libjvm.so
7f6f54434000-7f6f54475000 rw-p 00000000 00:00 0 
7f6f54475000-7f6f54630000 r-xp 00000000 08:01 790663                     /lib/x86_64-linux-gnu/libc-2.19.so
7f6f54630000-7f6f54830000 ---p 001bb000 08:01 790663                     /lib/x86_64-linux-gnu/libc-2.19.so
7f6f54830000-7f6f54834000 r--p 001bb000 08:01 790663                     /lib/x86_64-linux-gnu/libc-2.19.so
7f6f54834000-7f6f54836000 rw-p 001bf000 08:01 790663                     /lib/x86_64-linux-gnu/libc-2.19.so
7f6f54836000-7f6f5483b000 rw-p 00000000 00:00 0 
7f6f5483b000-7f6f5483e000 r-xp 00000000 08:01 790667                     /lib/x86_64-linux-gnu/libdl-2.19.so
7f6f5483e000-7f6f54a3d000 ---p 00003000 08:01 790667                     /lib/x86_64-linux-gnu/libdl-2.19.so
7f6f54a3d000-7f6f54a3e000 r--p 00002000 08:01 790667                     /lib/x86_64-linux-gnu/libdl-2.19.so
7f6f54a3e000-7f6f54a3f000 rw-p 00003000 08:01 790667                     /lib/x86_64-linux-gnu/libdl-2.19.so
7f6f54a3f000-7f6f54a55000 r-xp 00000000 08:01 1202970                    /usr/lib/jvm/java-7-oracle/lib/amd64/jli/libjli.so
7f6f54a55000-7f6f54c55000 ---p 00016000 08:01 1202970                    /usr/lib/jvm/java-7-oracle/lib/amd64/jli/libjli.so
7f6f54c55000-7f6f54c56000 rw-p 00016000 08:01 1202970                    /usr/lib/jvm/java-7-oracle/lib/amd64/jli/libjli.so
7f6f54c56000-7f6f54c6f000 r-xp 00000000 08:01 790680                     /lib/x86_64-linux-gnu/libpthread-2.19.so
7f6f54c6f000-7f6f54e6e000 ---p 00019000 08:01 790680                     /lib/x86_64-linux-gnu/libpthread-2.19.so
7f6f54e6e000-7f6f54e6f000 r--p 00018000 08:01 790680                     /lib/x86_64-linux-gnu/libpthread-2.19.so
7f6f54e6f000-7f6f54e70000 rw-p 00019000 08:01 790680                     /lib/x86_64-linux-gnu/libpthread-2.19.so
7f6f54e70000-7f6f54e74000 rw-p 00000000 00:00 0 
7f6f54e74000-7f6f54e97000 r-xp 00000000 08:01 790661                     /lib/x86_64-linux-gnu/ld-2.19.so
7f6f54e97000-7f6f54e9a000 r--s 00018000 08:01 529909                     /home/user/.gradle/wrapper/dists/gradle-2.2.1-all/c64ydeuardnfqctvr1gm30w53/gradle-2.2.1/lib/commons-io-1.4.jar
7f6f54e9a000-7f6f54ea0000 r--s 00026000 08:01 529889                     /home/user/.gradle/wrapper/dists/gradle-2.2.1-all/c64ydeuardnfqctvr1gm30w53/gradle-2.2.1/lib/gradle-base-services-2.2.1.jar
7f6f54ea0000-7f6f54ecc000 rw-p 00000000 00:00 0 
7f6f54ecc000-7f6f54f79000 rw-p 00000000 00:00 0 
7f6f54f79000-7f6f54f7c000 ---p 00000000 00:00 0 
7f6f54f7c000-7f6f5507e000 rw-p 00000000 00:00 0                          [stack:8567]
7f6f5507e000-7f6f5507f000 r--s 00000000 08:01 529913                     /home/user/.gradle/wrapper/dists/gradle-2.2.1-all/c64ydeuardnfqctvr1gm30w53/gradle-2.2.1/lib/jcip-annotations-1.0.jar
7f6f5507f000-7f6f55081000 r--s 00006000 08:01 529896                     /home/user/.gradle/wrapper/dists/gradle-2.2.1-all/c64ydeuardnfqctvr1gm30w53/gradle-2.2.1/lib/slf4j-api-1.7.7.jar
7f6f55081000-7f6f55082000 r--s 00004000 08:01 529929                     /home/user/.gradle/wrapper/dists/gradle-2.2.1-all/c64ydeuardnfqctvr1gm30w53/gradle-2.2.1/lib/ant-launcher-1.9.3.jar
7f6f55082000-7f6f5508a000 r--s 0003c000 08:01 529887                     /home/user/.gradle/wrapper/dists/gradle-2.2.1-all/c64ydeuardnfqctvr1gm30w53/gradle-2.2.1/lib/gradle-launcher-2.2.1.jar
7f6f5508a000-7f6f55092000 rw-s 00000000 08:01 1048588                    /tmp/hsperfdata_user/8566
7f6f55092000-7f6f55093000 rw-p 00000000 00:00 0 
7f6f55093000-7f6f55094000 ---p 00000000 00:00 0 
7f6f55094000-7f6f55096000 rw-p 00000000 00:00 0 
7f6f55096000-7f6f55097000 r--p 00022000 08:01 790661                     /lib/x86_64-linux-gnu/ld-2.19.so
7f6f55097000-7f6f55098000 rw-p 00023000 08:01 790661                     /lib/x86_64-linux-gnu/ld-2.19.so
7f6f55098000-7f6f55099000 rw-p 00000000 00:00 0 
7fffd2d22000-7fffd2d43000 rw-p 00000000 00:00 0                          [stack]
7fffd2df8000-7fffd2dfa000 r-xp 00000000 00:00 0                          [vdso]
ffffffffff600000-ffffffffff601000 r-xp 00000000 00:00 0                  [vsyscall]

VM Arguments:
jvm_args: -XX:MaxPermSize=256m -XX:+HeapDumpOnOutOfMemoryError -Xmx1024m -Dfile.encoding=UTF-8 -Duser.country=DE -Duser.language=de -Duser.variant 
java_command: org.gradle.launcher.daemon.bootstrap.GradleDaemon 2.2.1 /home/user/.gradle/daemon 10800000 571ad627-9977-4bad-8a83-a128518155bc -XX:MaxPermSize=256m -XX:+HeapDumpOnOutOfMemoryError -Xmx1024m -Dfile.encoding=UTF-8 -Duser.country=DE -Duser.language=de -Duser.variant
Launcher Type: SUN_STANDARD

Environment Variables:
JAVA_HOME=/usr/lib/jvm/java-7-oracle
CLASSPATH=/home/user/Programme/android-studio/bin/../lib/bootstrap.jar:/home/user/Programme/android-studio/bin/../lib/extensions.jar:/home/user/Programme/android-studio/bin/../lib/util.jar:/home/user/Programme/android-studio/bin/../lib/jdom.jar:/home/user/Programme/android-studio/bin/../lib/log4j.jar:/home/user/Programme/android-studio/bin/../lib/trove4j.jar:/home/user/Programme/android-studio/bin/../lib/jna.jar:/usr/lib/jvm/java-7-oracle/lib/tools.jar
PATH=/usr/local/sbin:/usr/local/bin:/usr/sbin:/usr/bin:/sbin:/bin:/usr/games:/usr/local/games:/usr/lib/jvm/java-7-oracle/bin:/usr/lib/jvm/java-7-oracle/db/bin:/usr/lib/jvm/java-7-oracle/jre/bin
LD_LIBRARY_PATH=/home/user/Programme/android-studio/bin:
SHELL=/bin/bash
DISPLAY=:0.0

Signal Handlers:
SIGSEGV: [libjvm.so+0x9a3bd0], sa_mask[0]=0x7ffbfeff, sa_flags=0x10000004
SIGBUS: [libjvm.so+0x9a3bd0], sa_mask[0]=0x7ffbfeff, sa_flags=0x10000004
SIGFPE: [libjvm.so+0x81cb60], sa_mask[0]=0x7ffbfeff, sa_flags=0x10000004
SIGPIPE: [libjvm.so+0x81cb60], sa_mask[0]=0x7ffbfeff, sa_flags=0x10000004
SIGXFSZ: [libjvm.so+0x81cb60], sa_mask[0]=0x7ffbfeff, sa_flags=0x10000004
SIGILL: [libjvm.so+0x81cb60], sa_mask[0]=0x7ffbfeff, sa_flags=0x10000004
SIGUSR1: SIG_DFL, sa_mask[0]=0x00000000, sa_flags=0x00000000
SIGUSR2: [libjvm.so+0x81e360], sa_mask[0]=0x00000004, sa_flags=0x10000004
SIGHUP: [libjvm.so+0x81f480], sa_mask[0]=0x7ffbfeff, sa_flags=0x10000004
SIGINT: [libjvm.so+0x81f480], sa_mask[0]=0x7ffbfeff, sa_flags=0x10000004
SIGTERM: [libjvm.so+0x81f480], sa_mask[0]=0x7ffbfeff, sa_flags=0x10000004
SIGQUIT: [libjvm.so+0x81f480], sa_mask[0]=0x7ffbfeff, sa_flags=0x10000004


---------------  S Y S T E M  ---------------

OS:jessie/sid

uname:Linux 3.13.0-45-generic #74-Ubuntu SMP Tue Jan 13 19:36:28 UTC 2015 x86_64
libc:glibc 2.19 NPTL 2.19 
rlimit: STACK 8192k, CORE 0k, NPROC 40274, NOFILE 4096, AS infinity
load average:6,48 3,31 2,21

/proc/meminfo:
MemTotal:        5176684 kB
MemFree:         2571156 kB
Buffers:          159444 kB
Cached:           830156 kB
SwapCached:            0 kB
Active:          1905024 kB
Inactive:         489544 kB
Active(anon):    1405568 kB
Inactive(anon):    11068 kB
Active(file):     499456 kB
Inactive(file):   478476 kB
Unevictable:           0 kB
Mlocked:               0 kB
SwapTotal:       8386556 kB
SwapFree:        8386556 kB
Dirty:              8268 kB
Writeback:             0 kB
AnonPages:       1404864 kB
Mapped:           124640 kB
Shmem:             11772 kB
Slab:             133228 kB
SReclaimable:     112856 kB
SUnreclaim:        20372 kB
KernelStack:        3240 kB
PageTables:        24740 kB
NFS_Unstable:          0 kB
Bounce:                0 kB
WritebackTmp:          0 kB
CommitLimit:    10974896 kB
Committed_AS:    3640932 kB
VmallocTotal:   34359738367 kB
VmallocUsed:       66380 kB
VmallocChunk:   34359667048 kB
HardwareCorrupted:     0 kB
AnonHugePages:    927744 kB
HugePages_Total:       0
HugePages_Free:        0
HugePages_Rsvd:        0
HugePages_Surp:        0
Hugepagesize:       2048 kB
DirectMap4k:       42944 kB
DirectMap2M:     5298176 kB


CPU:total 2 (2 cores per cpu, 1 threads per core) family 6 model 42 stepping 7, cmov, cx8, fxsr, mmx, sse, sse2, sse3, ssse3, tsc

/proc/cpuinfo:
processor	: 0
vendor_id	: GenuineIntel
cpu family	: 6
model		: 42
model name	: Intel(R) Core(TM) i5-2450M CPU @ 2.50GHz
stepping	: 7
cpu MHz		: 2394.980
cache size	: 6144 KB
physical id	: 0
siblings	: 2
core id		: 0
cpu cores	: 2
apicid		: 0
initial apicid	: 0
fpu		: yes
fpu_exception	: yes
cpuid level	: 5
wp		: yes
flags		: fpu vme de pse tsc msr pae mce cx8 apic sep mtrr pge mca cmov pat pse36 clflush mmx fxsr sse sse2 ht syscall nx rdtscp lm constant_tsc rep_good nopl pni ssse3 lahf_lm
bogomips	: 4789.96
clflush size	: 64
cache_alignment	: 64
address sizes	: 36 bits physical, 48 bits virtual
power management:

processor	: 1
vendor_id	: GenuineIntel
cpu family	: 6
model		: 42
model name	: Intel(R) Core(TM) i5-2450M CPU @ 2.50GHz
stepping	: 7
cpu MHz		: 2394.980
cache size	: 6144 KB
physical id	: 0
siblings	: 2
core id		: 1
cpu cores	: 2
apicid		: 1
initial apicid	: 1
fpu		: yes
fpu_exception	: yes
cpuid level	: 5
wp		: yes
flags		: fpu vme de pse tsc msr pae mce cx8 apic sep mtrr pge mca cmov pat pse36 clflush mmx fxsr sse sse2 ht syscall nx rdtscp lm constant_tsc rep_good nopl pni ssse3 lahf_lm
bogomips	: 4789.96
clflush size	: 64
cache_alignment	: 64
address sizes	: 36 bits physical, 48 bits virtual
power management:



Memory: 4k page, physical 5176684k(2571156k free), swap 8386556k(8386556k free)

vm_info: Java HotSpot(TM) 64-Bit Server VM (24.76-b04) for linux-amd64 JRE (1.7.0_76-b13), built on Dec 18 2014 16:58:39 by "java_re" with gcc 4.3.0 20080428 (Red Hat 4.3.0-8)

time: Tue Jun  9 16:37:46 2015
elapsed time: 88 seconds

